1693987712348	geckodriver	INFO	Listening on 127.0.0.1:61541
1693987715399	mozrunner::runner	INFO	Running command: "C:\\Program Files\\Mozilla Firefox\\firefox.exe" "--marionette" "--remote-debugging-port" "61542" "--remote-allow-hosts" "localhost" "-no-remote" "-profile" "C:\\Users\\hanglt26\\AppData\\Local\\Temp\\rust_mozprofilemKoblx"
console.warn: services.settings: Ignoring preference override of remote settings server
console.warn: services.settings: Allow by setting MOZ_REMOTE_SETTINGS_DEVTOOLS=1 in the environment
[GFX1]: Potential driver version mismatch ignored due to missing DLLs igd10umd64 v= and igd10iumd64 v=
1693987715964	Marionette	INFO	Marionette enabled
Dynamically enable window occlusion 0
1693987716023	Marionette	INFO	Listening on port 61576
WebDriver BiDi listening on ws://127.0.0.1:61542
Read port: 61576
1693987716202	RemoteAgent	WARN	TLS certificate errors will be ignored for this session
[GFX1]: Potential driver version mismatch ignored due to missing DLLs igd10umd64 v= and igd10iumd64 v=
[GFX1-]: Failed to get D3D11VideoDevice: 0x80004002
[GFX1-]: Handling webrender error 5
DevTools listening on ws://127.0.0.1:61542/devtools/browser/d612978e-950b-4110-ab2c-4b1d3a9208a0
[Parent 25316, IPC I/O Parent] WARNING: DuplicateHandle failed for handle 0 in TransferHandles: file /builds/worker/checkouts/gecko/ipc/chromium/src/chrome/common/ipc_channel_win.cc:621
[GPU 25596, IPC I/O Child] WARNING: pipe error: 232: file /builds/worker/checkouts/gecko/ipc/chromium/src/chrome/common/ipc_channel_win.cc:443
JavaScript warning: https://pagead2.googlesyndication.com/bg/zbsophEl4vgXz8qX3EWcY8Q67iIQ7bFnjGnqUyxIR6M.js line 2 > eval line 4558 > eval line 1 > eval line 1 > eval, line 1: WEBGL_debug_renderer_info is deprecated in Firefox and will be removed. Please use RENDERER.
JavaScript warning: https://pagead2.googlesyndication.com/bg/zbsophEl4vgXz8qX3EWcY8Q67iIQ7bFnjGnqUyxIR6M.js line 2 > eval line 7742 > eval line 1 > eval line 1 > eval, line 1: WEBGL_debug_renderer_info is deprecated in Firefox and will be removed. Please use RENDERER.
console.warn: services.settings: Ignoring preference override of remote settings server
console.warn: services.settings: Allow by setting MOZ_REMOTE_SETTINGS_DEVTOOLS=1 in the environment
console.error: (new TypeError("lazy.AsyncShutdown.profileBeforeChange is undefined", "resource://services-settings/Database.sys.mjs", 597))
JavaScript warning: https://gum.criteo.com/syncframe?origin=publishertagids&topUrl=demo.guru99.com#{%22uid%22:{%22origin%22:0},%22lwid%22:{%22origin%22:0},%22bundle%22:{%22origin%22:0},%22optout%22:{%22value%22:false,%22origin%22:0},%22sid%22:{%22origin%22:0},%22tld%22:%22guru99.com%22,%22topUrl%22:%22demo.guru99.com%22,%22version%22:141,%22cw%22:true,%22lsw%22:true,%22origin%22:%22publishertagids%22,%22requestId%22:%220.5917927600607312%22}, line 14: Script terminated by timeout at:
r.prototype.flushEventQueue@https://gum.criteo.com/syncframe?origin=publishertagids&topUrl=demo.guru99.com#{%22uid%22:{%22origin%22:0},%22lwid%22:{%22origin%22:0},%22bundle%22:{%22origin%22:0},%22optout%22:{%22value%22:false,%22origin%22:0},%22sid%22:{%22origin%22:0},%22tld%22:%22guru99.com%22,%22topUrl%22:%22demo.guru99.com%22,%22version%22:141,%22cw%22:true,%22lsw%22:true,%22origin%22:%22publishertagids%22,%22requestId%22:%220.5917927600607312%22}:14:3137
r/<@https://gum.criteo.com/syncframe?origin=publishertagids&topUrl=demo.guru99.com#{%22uid%22:{%22origin%22:0},%22lwid%22:{%22origin%22:0},%22bundle%22:{%22origin%22:0},%22optout%22:{%22value%22:false,%22origin%22:0},%22sid%22:{%22origin%22:0},%22tld%22:%22guru99.com%22,%22topUrl%22:%22demo.guru99.com%22,%22version%22:141,%22cw%22:true,%22lsw%22:true,%22origin%22:%22publishertagids%22,%22requestId%22:%220.5917927600607312%22}:14:3642

[Parent 25316, IPC I/O Parent] WARNING: DuplicateHandle failed for handle 0 in TransferHandles: file /builds/worker/checkouts/gecko/ipc/chromium/src/chrome/common/ipc_channel_win.cc:621
[GPU 25596, IPC I/O Child] WARNING: pipe error: 232: file /builds/worker/checkouts/gecko/ipc/chromium/src/chrome/common/ipc_channel_win.cc:443
[Parent 25316, IPC I/O Parent] WARNING: DuplicateHandle failed for handle 0 in TransferHandles: file /builds/worker/checkouts/gecko/ipc/chromium/src/chrome/common/ipc_channel_win.cc:621
[GPU 25596, IPC I/O Child] WARNING: pipe error: 232: file /builds/worker/checkouts/gecko/ipc/chromium/src/chrome/common/ipc_channel_win.cc:443
[Parent 25316, IPC I/O Parent] WARNING: DuplicateHandle failed for handle 0 in TransferHandles: file /builds/worker/checkouts/gecko/ipc/chromium/src/chrome/common/ipc_channel_win.cc:621
[GPU 25596, IPC I/O Child] WARNING: pipe error: 232: file /builds/worker/checkouts/gecko/ipc/chromium/src/chrome/common/ipc_channel_win.cc:443
[Parent 25316, IPC I/O Parent] WARNING: DuplicateHandle failed for handle 0 in TransferHandles: file /builds/worker/checkouts/gecko/ipc/chromium/src/chrome/common/ipc_channel_win.cc:621
[GPU 25596, IPC I/O Child] WARNING: pipe error: 232: file /builds/worker/checkouts/gecko/ipc/chromium/src/chrome/common/ipc_channel_win.cc:443
[Parent 25316, IPC I/O Parent] WARNING: DuplicateHandle failed for handle 0 in TransferHandles: file /builds/worker/checkouts/gecko/ipc/chromium/src/chrome/common/ipc_channel_win.cc:621
[GPU 25596, IPC I/O Child] WARNING: pipe error: 232: file /builds/worker/checkouts/gecko/ipc/chromium/src/chrome/common/ipc_channel_win.cc:443
JavaScript warning: https://pagead2.googlesyndication.com/bg/zbsophEl4vgXz8qX3EWcY8Q67iIQ7bFnjGnqUyxIR6M.js line 2 > eval line 1565 > eval line 1 > eval line 1 > eval, line 1: WEBGL_debug_renderer_info is deprecated in Firefox and will be removed. Please use RENDERER.
1693989194405	Marionette	INFO	Stopped listening on port 61576
Dynamically enable window occlusion 1
[Parent 25316, IPC I/O Parent] WARNING: DuplicateHandle failed for handle 0 in TransferHandles: file /builds/worker/checkouts/gecko/ipc/chromium/src/chrome/common/ipc_channel_win.cc:621
[GPU 25596, IPC I/O Child] WARNING: pipe error: 232: file /builds/worker/checkouts/gecko/ipc/chromium/src/chrome/common/ipc_channel_win.cc:443
[Parent 25316, IPC I/O Parent] WARNING: DuplicateHandle failed for handle 0 in TransferHandles: file /builds/worker/checkouts/gecko/ipc/chromium/src/chrome/common/ipc_channel_win.cc:621
[GPU 25596, IPC I/O Child] WARNING: pipe error: 232: file /builds/worker/checkouts/gecko/ipc/chromium/src/chrome/common/ipc_channel_win.cc:443
[Parent 25316, IPC I/O Parent] WARNING: DuplicateHandle failed for handle 0 in TransferHandles: file /builds/worker/checkouts/gecko/ipc/chromium/src/chrome/common/ipc_channel_win.cc:621
[GPU 25596, IPC I/O Child] WARNING: pipe error: 232: file /builds/worker/checkouts/gecko/ipc/chromium/src/chrome/common/ipc_channel_win.cc:443
[Parent 25316, IPC I/O Parent] WARNING: DuplicateHandle failed for handle 0 in TransferHandles: file /builds/worker/checkouts/gecko/ipc/chromium/src/chrome/common/ipc_channel_win.cc:621
[GPU 25596, IPC I/O Child] WARNING: pipe error: 232: file /builds/worker/checkouts/gecko/ipc/chromium/src/chrome/common/ipc_channel_win.cc:443
[Parent 25316, IPC I/O Parent] WARNING: DuplicateHandle failed for handle 0 in TransferHandles: file /builds/worker/checkouts/gecko/ipc/chromium/src/chrome/common/ipc_channel_win.cc:621
[GPU 25596, IPC I/O Child] WARNING: pipe error: 232: file /builds/worker/checkouts/gecko/ipc/chromium/src/chrome/common/ipc_channel_win.cc:443
[Parent 25316, IPC I/O Parent] WARNING: DuplicateHandle failed for handle 0 in TransferHandles: file /builds/worker/checkouts/gecko/ipc/chromium/src/chrome/common/ipc_channel_win.cc:621
[GPU 25596, IPC I/O Child] WARNING: pipe error: 232: file /builds/worker/checkouts/gecko/ipc/chromium/src/chrome/common/ipc_channel_win.cc:443
