1693287618292	geckodriver	INFO	Listening on 127.0.0.1:56262
1693287621339	mozrunner::runner	INFO	Running command: "C:\\Program Files\\Mozilla Firefox\\firefox.exe" "--marionette" "--remote-debugging-port" "56263" "--remote-allow-hosts" "localhost" "-no-remote" "-profile" "C:\\Users\\hanglt26\\AppData\\Local\\Temp\\rust_mozprofileWHG357"
console.warn: services.settings: Ignoring preference override of remote settings server
console.warn: services.settings: Allow by setting MOZ_REMOTE_SETTINGS_DEVTOOLS=1 in the environment
[GFX1]: Potential driver version mismatch ignored due to missing DLLs igd10umd64 v= and igd10iumd64 v=
1693287622534	Marionette	INFO	Marionette enabled
Dynamically enable window occlusion 0
1693287622597	Marionette	INFO	Listening on port 56276
WebDriver BiDi listening on ws://127.0.0.1:56263
Read port: 56276
1693287622823	RemoteAgent	WARN	TLS certificate errors will be ignored for this session
[GFX1]: Potential driver version mismatch ignored due to missing DLLs igd10umd64 v= and igd10iumd64 v=
[GFX1-]: Failed to get D3D11VideoDevice: 0x80004002
[GFX1-]: Handling webrender error 5
console.error: Region.sys.mjs: "Error fetching region" (new SyntaxError("JSON.parse: unexpected character at line 1 column 1 of the JSON data", ""))
console.error: Region.sys.mjs: "Failed to fetch region" (new Error("NO_RESULT", "resource://gre/modules/Region.sys.mjs", 411))
DevTools listening on ws://127.0.0.1:56263/devtools/browser/e30b28f1-43e2-47ff-8831-b82ec49b3c7b
JavaScript warning: https://frontend.tikicdn.com/_desktop-next/_next/static/chunks/126c5b0a3de3b866fc5f7fe9817c84e8bd8d87cd.4c4e330d954eb7bfc873.js, line 1: unreachable code after return statement
JavaScript warning: https://frontend.tikicdn.com/_desktop-next/_next/static/chunks/126c5b0a3de3b866fc5f7fe9817c84e8bd8d87cd.4c4e330d954eb7bfc873.js, line 1: unreachable code after return statement
JavaScript warning: https://frontend.tikicdn.com/_desktop-next/_next/static/chunks/126c5b0a3de3b866fc5f7fe9817c84e8bd8d87cd.4c4e330d954eb7bfc873.js, line 1: unreachable code after return statement
[Parent 24012, IPC I/O Parent] WARNING: DuplicateHandle failed for handle 0 in TransferHandles: file /builds/worker/checkouts/gecko/ipc/chromium/src/chrome/common/ipc_channel_win.cc:621
[GPU 12696, IPC I/O Child] WARNING: pipe error: 232: file /builds/worker/checkouts/gecko/ipc/chromium/src/chrome/common/ipc_channel_win.cc:443
1693287637126	Marionette	WARN	Ignoring event 'pageshow' because document has an invalid readyState of 'uninitialized'.
console.error: Region.sys.mjs: "Error fetching region" (new TypeError("NetworkError when attempting to fetch resource.", ""))
console.error: Region.sys.mjs: "Failed to fetch region" (new Error("NO_RESULT", "resource://gre/modules/Region.sys.mjs", 411))
SourceActor threw an exception: [Exception... "Failed to open input source 'chrome://global/content/neterror/aboutNetErrorCodes.js'"  nsresult: "0x805303f4 (<unknown>)"  location: "JS frame :: resource://devtools/shared/DevToolsUtils.js :: mainThreadFetch/< :: line 708"  data: yes]
Stack: mainThreadFetch/<@resource://devtools/shared/DevToolsUtils.js:708:15
mainThreadFetch@resource://devtools/shared/DevToolsUtils.js:561:10
_fetchURLContents@resource://devtools/server/actors/utils/sources-manager.js:452:22
urlContents@resource://devtools/server/actors/utils/sources-manager.js:416:17
_resurrectSource@resource://devtools/server/actors/thread.js:2167:33
addAllSources@resource://devtools/server/actors/thread.js:1492:14
watch@resource://devtools/server/actors/resources/sources.js:78:17
watchResources@resource://devtools/server/actors/resources/index.js:322:19
addSessionDataEntry@resource://devtools/server/actors/targets/session-data-processors/resources.js:11:21
addSessionDataEntry@resource://devtools/server/actors/targets/base-target-actor.js:41:23
_addSessionDataEntry@resource://devtools/server/connectors/js-window-actor/DevToolsFrameChild.sys.mjs:528:24
receiveMessage@resource://devtools/server/connectors/js-window-actor/DevToolsFrameChild.sys.mjs:437:21
Line: 708, column: 0
console.error: ({})
JavaScript error: resource://devtools/shared/DevToolsUtils.js, line 708: Failed to open input source 'chrome://global/content/neterror/aboutNetErrorCodes.js'
console.error: (new Error("Polling for changes failed: NetworkError: Network request failed.", "resource://services-settings/remote-settings.sys.mjs", 324))
1693287658915	addons.xpi	ERROR	System addon update list error Error: Failed downloading XML, status: 0, channelStatus: 2153390067, errorCode: 2, reason: error
SourceActor threw an exception: Error: Failed to fetch https://googleads.g.doubleclick.net/pagead/viewthroughconversion/966872134/?random=1693287635133&cv=11&fst=1693287635133&bg=ffffff&guid=ON&async=1&gtm=45He38n0&u_w=1600&u_h=900&url=https%3A%2F%2Ftiki.vn%2Fnoi-chien-khong-dau-perfect-gla-609-4l-hang-chinh-hang-p971798.html%3Fspid%3D992620&hn=www.googleadservices.com&frm=0&tiba=Mua%20N%E1%BB%93i%20Chi%C3%AAn%20Kh%C3%B4ng%20D%E1%BA%A7u%20Perfect%20GLA%20609%20(4L)%20-%20H%C3%A0ng%20ch%C3%ADnh%20h%C3%A3ng%20t%E1%BA%A1i%20Tiki%20Trading&auid=375355036.1693287635&rfmt=3&fmt=4. Code 2153390067.
Stack: onResponse@resource://devtools/shared/DevToolsUtils.js:601:16
onStopRequest@resource://gre/modules/NetUtil.sys.mjs:124:18
Line: 601, column: 16
console.error: (new Error("Failed to fetch https://googleads.g.doubleclick.net/pagead/viewthroughconversion/966872134/?random=1693287635133&cv=11&fst=1693287635133&bg=ffffff&guid=ON&async=1&gtm=45He38n0&u_w=1600&u_h=900&url=https%3A%2F%2Ftiki.vn%2Fnoi-chien-khong-dau-perfect-gla-609-4l-hang-chinh-hang-p971798.html%3Fspid%3D992620&hn=www.googleadservices.com&frm=0&tiba=Mua%20N%E1%BB%93i%20Chi%C3%AAn%20Kh%C3%B4ng%20D%E1%BA%A7u%20Perfect%20GLA%20609%20(4L)%20-%20H%C3%A0ng%20ch%C3%ADnh%20h%C3%A3ng%20t%E1%BA%A1i%20Tiki%20Trading&auid=375355036.1693287635&rfmt=3&fmt=4. Code 2153390067.", "resource://devtools/shared/DevToolsUtils.js", 601))
JavaScript error: resource://devtools/shared/DevToolsUtils.js, line 601: Error: Failed to fetch https://googleads.g.doubleclick.net/pagead/viewthroughconversion/966872134/?random=1693287635133&cv=11&fst=1693287635133&bg=ffffff&guid=ON&async=1&gtm=45He38n0&u_w=1600&u_h=900&url=https%3A%2F%2Ftiki.vn%2Fnoi-chien-khong-dau-perfect-gla-609-4l-hang-chinh-hang-p971798.html%3Fspid%3D992620&hn=www.googleadservices.com&frm=0&tiba=Mua%20N%E1%BB%93i%20Chi%C3%AAn%20Kh%C3%B4ng%20D%E1%BA%A7u%20Perfect%20GLA%20609%20(4L)%20-%20H%C3%A0ng%20ch%C3%ADnh%20h%C3%A3ng%20t%E1%BA%A1i%20Tiki%20Trading&auid=375355036.1693287635&rfmt=3&fmt=4. Code 2153390067.
SourceActor threw an exception: Error: Failed to fetch https://googleads.g.doubleclick.net/pagead/viewthroughconversion/969227552/?random=1693287635897&cv=11&fst=1693287635897&bg=ffffff&guid=ON&async=1&gtm=45He38n0&u_w=1600&u_h=900&url=https%3A%2F%2Ftiki.vn%2Fnoi-chien-khong-dau-perfect-gla-609-4l-hang-chinh-hang-p971798.html%3Fspid%3D992620&hn=www.googleadservices.com&frm=0&tiba=Mua%20N%E1%BB%93i%20Chi%C3%AAn%20Kh%C3%B4ng%20D%E1%BA%A7u%20Perfect%20GLA%20609%20(4L)%20-%20H%C3%A0ng%20ch%C3%ADnh%20h%C3%A3ng%20t%E1%BA%A1i%20Tiki%20Trading&auid=375355036.1693287635&data=ecomm_prodid%3D992620%3Becomm_totalvalue%3D925000%3Becomm_pagetype%3Dproduct&rfmt=3&fmt=4. Code 2153390067.
Stack: onResponse@resource://devtools/shared/DevToolsUtils.js:601:16
onStopRequest@resource://gre/modules/NetUtil.sys.mjs:124:18
Line: 601, column: 16
console.error: (new Error("Failed to fetch https://googleads.g.doubleclick.net/pagead/viewthroughconversion/969227552/?random=1693287635897&cv=11&fst=1693287635897&bg=ffffff&guid=ON&async=1&gtm=45He38n0&u_w=1600&u_h=900&url=https%3A%2F%2Ftiki.vn%2Fnoi-chien-khong-dau-perfect-gla-609-4l-hang-chinh-hang-p971798.html%3Fspid%3D992620&hn=www.googleadservices.com&frm=0&tiba=Mua%20N%E1%BB%93i%20Chi%C3%AAn%20Kh%C3%B4ng%20D%E1%BA%A7u%20Perfect%20GLA%20609%20(4L)%20-%20H%C3%A0ng%20ch%C3%ADnh%20h%C3%A3ng%20t%E1%BA%A1i%20Tiki%20Trading&auid=375355036.1693287635&data=ecomm_prodid%3D992620%3Becomm_totalvalue%3D925000%3Becomm_pagetype%3Dproduct&rfmt=3&fmt=4. Code 2153390067.", "resource://devtools/shared/DevToolsUtils.js", 601))
JavaScript error: resource://devtools/shared/DevToolsUtils.js, line 601: Error: Failed to fetch https://googleads.g.doubleclick.net/pagead/viewthroughconversion/969227552/?random=1693287635897&cv=11&fst=1693287635897&bg=ffffff&guid=ON&async=1&gtm=45He38n0&u_w=1600&u_h=900&url=https%3A%2F%2Ftiki.vn%2Fnoi-chien-khong-dau-perfect-gla-609-4l-hang-chinh-hang-p971798.html%3Fspid%3D992620&hn=www.googleadservices.com&frm=0&tiba=Mua%20N%E1%BB%93i%20Chi%C3%AAn%20Kh%C3%B4ng%20D%E1%BA%A7u%20Perfect%20GLA%20609%20(4L)%20-%20H%C3%A0ng%20ch%C3%ADnh%20h%C3%A3ng%20t%E1%BA%A1i%20Tiki%20Trading&auid=375355036.1693287635&data=ecomm_prodid%3D992620%3Becomm_totalvalue%3D925000%3Becomm_pagetype%3Dproduct&rfmt=3&fmt=4. Code 2153390067.
[Parent 24012, IPC I/O Parent] WARNING: DuplicateHandle failed for handle 0 in TransferHandles: file /builds/worker/checkouts/gecko/ipc/chromium/src/chrome/common/ipc_channel_win.cc:621
[GPU 12696, IPC I/O Child] WARNING: pipe error: 232: file /builds/worker/checkouts/gecko/ipc/chromium/src/chrome/common/ipc_channel_win.cc:443
Handler function threw an exception: TypeError: browsingContext.currentWindowGlobal is null
Stack: isChannelFromSystemPrincipal@resource://devtools/shared/network-observer/NetworkUtils.sys.mjs:91:1
_createResource@resource://devtools/server/actors/network-monitor/network-event-actor.js:186:40
NetworkEventActor@resource://devtools/server/actors/network-monitor/network-event-actor.js:104:27
onNetworkEvent@resource://devtools/server/actors/resources/network-events.js:284:19
#createNetworkEvent@resource://devtools/shared/network-observer/NetworkObserver.sys.mjs:674:46
#onRequestHeader@resource://devtools/shared/network-observer/NetworkObserver.sys.mjs:718:29
@resource://devtools/shared/network-observer/NetworkObserver.sys.mjs:594:28
makeInfallible/<@resource://devtools/shared/DevToolsInfaillibleUtils.sys.mjs:43:22
Line: 91, column: 1
console.error: (new TypeError("browsingContext.currentWindowGlobal is null", "resource://devtools/shared/network-observer/NetworkUtils.sys.mjs", 91))
Handler function threw an exception: TypeError: browsingContext.currentWindowGlobal is null
Stack: isChannelFromSystemPrincipal@resource://devtools/shared/network-observer/NetworkUtils.sys.mjs:91:1
_createResource@resource://devtools/server/actors/network-monitor/network-event-actor.js:186:40
NetworkEventActor@resource://devtools/server/actors/network-monitor/network-event-actor.js:104:27
onNetworkEvent@resource://devtools/server/actors/resources/network-events.js:284:19
#createNetworkEvent@resource://devtools/shared/network-observer/NetworkObserver.sys.mjs:674:46
@resource://devtools/shared/network-observer/NetworkObserver.sys.mjs:339:33
makeInfallible/<@resource://devtools/shared/DevToolsInfaillibleUtils.sys.mjs:43:22
Line: 91, column: 1
console.error: (new TypeError("browsingContext.currentWindowGlobal is null", "resource://devtools/shared/network-observer/NetworkUtils.sys.mjs", 91))
[Parent 24012, IPC I/O Parent] WARNING: DuplicateHandle failed for handle 0 in TransferHandles: file /builds/worker/checkouts/gecko/ipc/chromium/src/chrome/common/ipc_channel_win.cc:621
[GPU 12696, IPC I/O Child] WARNING: pipe error: 232: file /builds/worker/checkouts/gecko/ipc/chromium/src/chrome/common/ipc_channel_win.cc:443
JavaScript warning: https://cdn.amplitude.com/libs/amplitude-8.18.4-min.gz.js, line 1: Script terminated by timeout at:
Ie.prototype._shouldDeferCall@https://cdn.amplitude.com/libs/amplitude-8.18.4-min.gz.js:1:90234
Ie.prototype.setTransport@https://cdn.amplitude.com/libs/amplitude-8.18.4-min.gz.js:1:79140
Ie.prototype.init/<@https://cdn.amplitude.com/libs/amplitude-8.18.4-min.gz.js:1:69790

JavaScript error: resource://gre/modules/AsyncShutdown.sys.mjs, line 575: NotFoundError: No such JSWindowActor 'DevToolsFrame'
JavaScript error: resource://gre/modules/AsyncShutdown.sys.mjs, line 575: NotFoundError: No such JSWindowActor 'DevToolsFrame'
JavaScript error: resource://gre/modules/AsyncShutdown.sys.mjs, line 575: NotFoundError: No such JSWindowActor 'DevToolsFrame'
JavaScript error: resource://gre/modules/AsyncShutdown.sys.mjs, line 575: NotFoundError: No such JSWindowActor 'DevToolsFrame'
JavaScript error: resource://gre/modules/AsyncShutdown.sys.mjs, line 575: NotFoundError: No such JSWindowActor 'DevToolsFrame'
JavaScript error: resource://gre/modules/AsyncShutdown.sys.mjs, line 575: NotFoundError: No such JSWindowActor 'DevToolsFrame'
JavaScript error: resource://gre/modules/AsyncShutdown.sys.mjs, line 575: NotFoundError: No such JSWindowActor 'DevToolsFrame'
JavaScript error: resource://gre/modules/AsyncShutdown.sys.mjs, line 575: NotFoundError: No such JSWindowActor 'DevToolsFrame'
JavaScript error: resource://gre/modules/AsyncShutdown.sys.mjs, line 575: NotFoundError: No such JSWindowActor 'DevToolsFrame'
JavaScript error: resource://gre/modules/AsyncShutdown.sys.mjs, line 575: NotFoundError: No such JSWindowActor 'DevToolsFrame'
JavaScript error: resource://gre/modules/AsyncShutdown.sys.mjs, line 575: NotFoundError: No such JSWindowActor 'DevToolsFrame'
1693287885901	Marionette	INFO	Stopped listening on port 56276
Dynamically enable window occlusion 1
[Parent 24012, IPC I/O Parent] WARNING: DuplicateHandle failed for handle 0 in TransferHandles: file /builds/worker/checkouts/gecko/ipc/chromium/src/chrome/common/ipc_channel_win.cc:621
[GPU 12696, IPC I/O Child] WARNING: pipe error: 232: file /builds/worker/checkouts/gecko/ipc/chromium/src/chrome/common/ipc_channel_win.cc:443
[Parent 24012, IPC I/O Parent] WARNING: DuplicateHandle failed for handle 0 in TransferHandles: file /builds/worker/checkouts/gecko/ipc/chromium/src/chrome/common/ipc_channel_win.cc:621
[GPU 12696, IPC I/O Child] WARNING: pipe error: 232: file /builds/worker/checkouts/gecko/ipc/chromium/src/chrome/common/ipc_channel_win.cc:443
[Parent 24012, IPC I/O Parent] WARNING: DuplicateHandle failed for handle 0 in TransferHandles: file /builds/worker/checkouts/gecko/ipc/chromium/src/chrome/common/ipc_channel_win.cc:621
[GPU 12696, IPC I/O Child] WARNING: pipe error: 232: file /builds/worker/checkouts/gecko/ipc/chromium/src/chrome/common/ipc_channel_win.cc:443
[Parent 24012, IPC I/O Parent] WARNING: DuplicateHandle failed for handle 0 in TransferHandles: file /builds/worker/checkouts/gecko/ipc/chromium/src/chrome/common/ipc_channel_win.cc:621
[GPU 12696, IPC I/O Child] WARNING: pipe error: 232: file /builds/worker/checkouts/gecko/ipc/chromium/src/chrome/common/ipc_channel_win.cc:443
[Parent 24012, IPC I/O Parent] WARNING: DuplicateHandle failed for handle 0 in TransferHandles: file /builds/worker/checkouts/gecko/ipc/chromium/src/chrome/common/ipc_channel_win.cc:621
[GPU 12696, IPC I/O Child] WARNING: pipe error: 232: file /builds/worker/checkouts/gecko/ipc/chromium/src/chrome/common/ipc_channel_win.cc:443
[Parent 24012, IPC I/O Parent] WARNING: DuplicateHandle failed for handle 0 in TransferHandles: file /builds/worker/checkouts/gecko/ipc/chromium/src/chrome/common/ipc_channel_win.cc:621
[GPU 12696, IPC I/O Child] WARNING: pipe error: 232: file /builds/worker/checkouts/gecko/ipc/chromium/src/chrome/common/ipc_channel_win.cc:443
