1693381014569	geckodriver	INFO	Listening on 127.0.0.1:50534
1693381017608	mozrunner::runner	INFO	Running command: "C:\\Program Files\\Mozilla Firefox\\firefox.exe" "--marionette" "--remote-debugging-port" "50535" "--remote-allow-hosts" "localhost" "-no-remote" "-profile" "C:\\Users\\hanglt26\\AppData\\Local\\Temp\\rust_mozprofilemxqHfj"
console.warn: services.settings: Ignoring preference override of remote settings server
console.warn: services.settings: Allow by setting MOZ_REMOTE_SETTINGS_DEVTOOLS=1 in the environment
[GFX1]: Potential driver version mismatch ignored due to missing DLLs igd10umd64 v= and igd10iumd64 v=
1693381019216	Marionette	INFO	Marionette enabled
Dynamically enable window occlusion 0
1693381019281	Marionette	INFO	Listening on port 50546
WebDriver BiDi listening on ws://127.0.0.1:50535
Read port: 50546
1693381019429	RemoteAgent	WARN	TLS certificate errors will be ignored for this session
[GFX1]: Potential driver version mismatch ignored due to missing DLLs igd10umd64 v= and igd10iumd64 v=
[GFX1-]: Failed to get D3D11VideoDevice: 0x80004002
[GFX1-]: Handling webrender error 5
DevTools listening on ws://127.0.0.1:50535/devtools/browser/996ad2d6-e24e-4aea-9d34-f2af9b65af3c
[Parent 7484, IPC I/O Parent] WARNING: DuplicateHandle failed for handle 0 in TransferHandles: file /builds/worker/checkouts/gecko/ipc/chromium/src/chrome/common/ipc_channel_win.cc:621
[GPU 20416, IPC I/O Child] WARNING: pipe error: 232: file /builds/worker/checkouts/gecko/ipc/chromium/src/chrome/common/ipc_channel_win.cc:443
JavaScript warning: https://pagead2.googlesyndication.com/bg/M-HeFlSCME_k5Ph7lXtMc9K-bQ1dlElVsMlNN0Ru4uM.js line 2 > eval line 7343 > eval line 1 > eval line 1 > eval, line 1: WEBGL_debug_renderer_info is deprecated in Firefox and will be removed. Please use RENDERER.
JavaScript warning: https://pagead2.googlesyndication.com/bg/F8SkcvzQj7M3-2pXT2CJHOka8GJR2_XQE30kFDFsEbE.js line 2 > eval line 7313 > eval line 1 > eval line 1 > eval, line 1: WEBGL_debug_renderer_info is deprecated in Firefox and will be removed. Please use RENDERER.
console.warn: LoginRecipes: "Falling back to a synchronous message for: https://demo.guru99.com."
console.warn: LoginRecipes: "Falling back to a synchronous message for: https://demo.guru99.com."
JavaScript error: , line 0: uncaught exception: undefined
JavaScript warning: https://gum.criteo.com/syncframe?origin=publishertagids&topUrl=demo.guru99.com#{%22uid%22:{%22origin%22:0},%22lwid%22:{%22origin%22:0},%22bundle%22:{%22origin%22:0},%22optout%22:{%22value%22:false,%22origin%22:0},%22sid%22:{%22origin%22:0},%22tld%22:%22guru99.com%22,%22topUrl%22:%22demo.guru99.com%22,%22version%22:140,%22cw%22:true,%22lsw%22:true,%22origin%22:%22publishertagids%22,%22requestId%22:%220.4987180650182014%22}, line 16: Script terminated by timeout at:
r.prototype.logPixel@https://gum.criteo.com/syncframe?origin=publishertagids&topUrl=demo.guru99.com#{%22uid%22:{%22origin%22:0},%22lwid%22:{%22origin%22:0},%22bundle%22:{%22origin%22:0},%22optout%22:{%22value%22:false,%22origin%22:0},%22sid%22:{%22origin%22:0},%22tld%22:%22guru99.com%22,%22topUrl%22:%22demo.guru99.com%22,%22version%22:140,%22cw%22:true,%22lsw%22:true,%22origin%22:%22publishertagids%22,%22requestId%22:%220.4987180650182014%22}:16:3418
r.prototype.flushEventQueue@https://gum.criteo.com/syncframe?origin=publishertagids&topUrl=demo.guru99.com#{%22uid%22:{%22origin%22:0},%22lwid%22:{%22origin%22:0},%22bundle%22:{%22origin%22:0},%22optout%22:{%22value%22:false,%22origin%22:0},%22sid%22:{%22origin%22:0},%22tld%22:%22guru99.com%22,%22topUrl%22:%22demo.guru99.com%22,%22version%22:140,%22cw%22:true,%22lsw%22:true,%22origin%22:%22publishertagids%22,%22requestId%22:%220.4987180650182014%22}:16:3152
r/<@https://gum.criteo.com/syncframe?origin=publishertagids&topUrl=demo.guru99.com#{%22uid%22:{%22origin%22:0},%22lwid%22:{%22origin%22:0},%22bundle%22:{%22origin%22:0},%22optout%22:{%22value%22:false,%22origin%22:0},%22sid%22:{%22origin%22:0},%22tld%22:%22guru99.com%22,%22topUrl%22:%22demo.guru99.com%22,%22version%22:140,%22cw%22:true,%22lsw%22:true,%22origin%22:%22publishertagids%22,%22requestId%22:%220.4987180650182014%22}:16:3665

JavaScript error: , line 0: TypeError: NetworkError when attempting to fetch resource.
[Parent 7484, IPC I/O Parent] WARNING: DuplicateHandle failed for handle 0 in TransferHandles: file /builds/worker/checkouts/gecko/ipc/chromium/src/chrome/common/ipc_channel_win.cc:621
[GPU 20416, IPC I/O Child] WARNING: pipe error: 232: file /builds/worker/checkouts/gecko/ipc/chromium/src/chrome/common/ipc_channel_win.cc:443
[Parent 7484, IPC I/O Parent] WARNING: DuplicateHandle failed for handle 0 in TransferHandles: file /builds/worker/checkouts/gecko/ipc/chromium/src/chrome/common/ipc_channel_win.cc:621
[GPU 20416, IPC I/O Child] WARNING: pipe error: 232: file /builds/worker/checkouts/gecko/ipc/chromium/src/chrome/common/ipc_channel_win.cc:443
[Parent 7484, IPC I/O Parent] WARNING: DuplicateHandle failed for handle 0 in TransferHandles: file /builds/worker/checkouts/gecko/ipc/chromium/src/chrome/common/ipc_channel_win.cc:621
[GPU 20416, IPC I/O Child] WARNING: pipe error: 232: file /builds/worker/checkouts/gecko/ipc/chromium/src/chrome/common/ipc_channel_win.cc:443
[Parent 7484, IPC I/O Parent] WARNING: DuplicateHandle failed for handle 0 in TransferHandles: file /builds/worker/checkouts/gecko/ipc/chromium/src/chrome/common/ipc_channel_win.cc:621
[GPU 20416, IPC I/O Child] WARNING: pipe error: 232: file /builds/worker/checkouts/gecko/ipc/chromium/src/chrome/common/ipc_channel_win.cc:443
JavaScript warning: https://pagead2.googlesyndication.com/bg/0w4HeoaYEDyr3MppZwiwXJgG2WIOQk_JViOVQEuG4uU.js line 2 > eval line 3864 > eval line 1 > eval line 1 > eval, line 1: WEBGL_debug_renderer_info is deprecated in Firefox and will be removed. Please use RENDERER.
JavaScript warning: https://pagead2.googlesyndication.com/bg/0w4HeoaYEDyr3MppZwiwXJgG2WIOQk_JViOVQEuG4uU.js line 2 > eval line 5430 > eval line 1 > eval line 1 > eval, line 1: WEBGL_debug_renderer_info is deprecated in Firefox and will be removed. Please use RENDERER.
1693381040410	Marionette	INFO	Stopped listening on port 50546
JavaScript warning: https://fdyn.pubwise.io/script/b7da2361-4ada-4374-9097-af748311b5fe/v3/dyn/pws.js, line 1239: Script terminated by timeout at:
b@https://fdyn.pubwise.io/script/b7da2361-4ada-4374-9097-af748311b5fe/v3/dyn/pws.js:1239:527

Dynamically enable window occlusion 1
[Parent 7484, IPC I/O Parent] WARNING: DuplicateHandle failed for handle 0 in TransferHandles: file /builds/worker/checkouts/gecko/ipc/chromium/src/chrome/common/ipc_channel_win.cc:621
[GPU 20416, IPC I/O Child] WARNING: pipe error: 232: file /builds/worker/checkouts/gecko/ipc/chromium/src/chrome/common/ipc_channel_win.cc:443
[Parent 7484, IPC I/O Parent] WARNING: DuplicateHandle failed for handle 0 in TransferHandles: file /builds/worker/checkouts/gecko/ipc/chromium/src/chrome/common/ipc_channel_win.cc:621
[GPU 20416, IPC I/O Child] WARNING: pipe error: 232: file /builds/worker/checkouts/gecko/ipc/chromium/src/chrome/common/ipc_channel_win.cc:443
[Parent 7484, IPC I/O Parent] WARNING: DuplicateHandle failed for handle 0 in TransferHandles: file /builds/worker/checkouts/gecko/ipc/chromium/src/chrome/common/ipc_channel_win.cc:621
[GPU 20416, IPC I/O Child] WARNING: pipe error: 232: file /builds/worker/checkouts/gecko/ipc/chromium/src/chrome/common/ipc_channel_win.cc:443
[Parent 7484, IPC I/O Parent] WARNING: DuplicateHandle failed for handle 0 in TransferHandles: file /builds/worker/checkouts/gecko/ipc/chromium/src/chrome/common/ipc_channel_win.cc:621
[GPU 20416, IPC I/O Child] WARNING: pipe error: 232: file /builds/worker/checkouts/gecko/ipc/chromium/src/chrome/common/ipc_channel_win.cc:443
[Parent 7484, IPC I/O Parent] WARNING: DuplicateHandle failed for handle 0 in TransferHandles: file /builds/worker/checkouts/gecko/ipc/chromium/src/chrome/common/ipc_channel_win.cc:621
[GPU 20416, IPC I/O Child] WARNING: pipe error: 232: file /builds/worker/checkouts/gecko/ipc/chromium/src/chrome/common/ipc_channel_win.cc:443
[Parent 7484, IPC I/O Parent] WARNING: DuplicateHandle failed for handle 0 in TransferHandles: file /builds/worker/checkouts/gecko/ipc/chromium/src/chrome/common/ipc_channel_win.cc:621
[GPU 20416, IPC I/O Child] WARNING: pipe error: 232: file /builds/worker/checkouts/gecko/ipc/chromium/src/chrome/common/ipc_channel_win.cc:443
[Parent 7484, IPC I/O Parent] WARNING: DuplicateHandle failed for handle 0 in TransferHandles: file /builds/worker/checkouts/gecko/ipc/chromium/src/chrome/common/ipc_channel_win.cc:621
[GPU 20416, IPC I/O Child] WARNING: pipe error: 232: file /builds/worker/checkouts/gecko/ipc/chromium/src/chrome/common/ipc_channel_win.cc:443
[Parent 7484, IPC I/O Parent] WARNING: DuplicateHandle failed for handle 0 in TransferHandles: file /builds/worker/checkouts/gecko/ipc/chromium/src/chrome/common/ipc_channel_win.cc:621
[GPU 20416, IPC I/O Child] WARNING: pipe error: 232: file /builds/worker/checkouts/gecko/ipc/chromium/src/chrome/common/ipc_channel_win.cc:443
