1693993883605	geckodriver	INFO	Listening on 127.0.0.1:65424
1693993886623	mozrunner::runner	INFO	Running command: "C:\\Program Files\\Mozilla Firefox\\firefox.exe" "--marionette" "--remote-debugging-port" "65425" "--remote-allow-hosts" "localhost" "-no-remote" "-profile" "C:\\Users\\hanglt26\\AppData\\Local\\Temp\\rust_mozprofilegrhYII"
console.warn: services.settings: Ignoring preference override of remote settings server
console.warn: services.settings: Allow by setting MOZ_REMOTE_SETTINGS_DEVTOOLS=1 in the environment
[GFX1]: Potential driver version mismatch ignored due to missing DLLs igd10umd64 v= and igd10iumd64 v=
1693993886960	Marionette	INFO	Marionette enabled
Dynamically enable window occlusion 0
1693993887019	Marionette	INFO	Listening on port 65434
WebDriver BiDi listening on ws://127.0.0.1:65425
Read port: 65434
1693993887201	RemoteAgent	WARN	TLS certificate errors will be ignored for this session
[GFX1]: Potential driver version mismatch ignored due to missing DLLs igd10umd64 v= and igd10iumd64 v=
[GFX1-]: Failed to get D3D11VideoDevice: 0x80004002
[GFX1-]: Handling webrender error 5
DevTools listening on ws://127.0.0.1:65425/devtools/browser/0477098e-f041-4ee5-a1a6-190d93de94d4
console.warn: LoginRecipes: "Falling back to a synchronous message for: https://www.google.com."
[Parent 23360, IPC I/O Parent] WARNING: DuplicateHandle failed for handle 0 in TransferHandles: file /builds/worker/checkouts/gecko/ipc/chromium/src/chrome/common/ipc_channel_win.cc:621
[GPU 21172, IPC I/O Child] WARNING: pipe error: 232: file /builds/worker/checkouts/gecko/ipc/chromium/src/chrome/common/ipc_channel_win.cc:443
JavaScript error: https://www.google.com/sorry/index?continue=https://www.google.com/search%3Fq%3Dmsb%26sca_esv%3D563029658%26source%3Dhp%26ei%3Do0v4ZNegMaLL2roPuMGQ0Ao%26iflsig%3DAD69kcEAAAAAZPhZs8WDbDORppB5jgAcZVda49M581Jz%26oq%3DMSB%26gs_lp%3DEgdnd3Mtd2l6IgNNU0IqAggAMgsQABiABBixAxiDATILEAAYgAQYsQMYgwEyCxAAGIAEGLEDGIMBMgsQABiABBixAxiDATILEAAYgAQYsQMYgwEyBRAAGIAEMgUQABiABDILEAAYgAQYsQMYgwEyBRAAGIAEMgUQABiABEj7AVAAWAtwAHgAkAEAmAGMAaABhQOqAQMwLjO4AQHIAQD4AQHCAggQLhiABBixA8ICCxAuGIAEGLEDGIMBwgIOEC4YgAQYsQMYxwEY0QPCAggQABiABBixAw%26sclient%3Dgws-wiz&q=EhAqCbrBeuAAUAAAAAACRQAwGKaX4acGIjCtE0V_ICjMi1z631Rz1t3fusJM4RnVkoQzz2QVHbsNxsb3ygsLUAMpTUzAZ6WB_SIyAXJaAUM, line 1: SyntaxError: expected expression, got ','
console.warn: services.settings: Ignoring preference override of remote settings server
console.warn: services.settings: Allow by setting MOZ_REMOTE_SETTINGS_DEVTOOLS=1 in the environment
console.error: (new TypeError("lazy.AsyncShutdown.profileBeforeChange is undefined", "resource://services-settings/Database.sys.mjs", 597))
1693993907154	Marionette	INFO	Stopped listening on port 65434
Dynamically enable window occlusion 1
[Parent 23360, IPC I/O Parent] WARNING: DuplicateHandle failed for handle 0 in TransferHandles: file /builds/worker/checkouts/gecko/ipc/chromium/src/chrome/common/ipc_channel_win.cc:621
[GPU 21172, IPC I/O Child] WARNING: pipe error: 232: file /builds/worker/checkouts/gecko/ipc/chromium/src/chrome/common/ipc_channel_win.cc:443
[Parent 23360, IPC I/O Parent] WARNING: DuplicateHandle failed for handle 0 in TransferHandles: file /builds/worker/checkouts/gecko/ipc/chromium/src/chrome/common/ipc_channel_win.cc:621
[GPU 21172, IPC I/O Child] WARNING: pipe error: 232: file /builds/worker/checkouts/gecko/ipc/chromium/src/chrome/common/ipc_channel_win.cc:443
[Parent 23360, IPC I/O Parent] WARNING: DuplicateHandle failed for handle 0 in TransferHandles: file /builds/worker/checkouts/gecko/ipc/chromium/src/chrome/common/ipc_channel_win.cc:621
[GPU 21172, IPC I/O Child] WARNING: pipe error: 232: file /builds/worker/checkouts/gecko/ipc/chromium/src/chrome/common/ipc_channel_win.cc:443
[Parent 23360, IPC I/O Parent] WARNING: DuplicateHandle failed for handle 0 in TransferHandles: file /builds/worker/checkouts/gecko/ipc/chromium/src/chrome/common/ipc_channel_win.cc:621
[GPU 21172, IPC I/O Child] WARNING: pipe error: 232: file /builds/worker/checkouts/gecko/ipc/chromium/src/chrome/common/ipc_channel_win.cc:443
