1693993774248	geckodriver	INFO	Listening on 127.0.0.1:65083
1693993777271	mozrunner::runner	INFO	Running command: "C:\\Program Files\\Mozilla Firefox\\firefox.exe" "--marionette" "--remote-debugging-port" "65084" "--remote-allow-hosts" "localhost" "-no-remote" "-profile" "C:\\Users\\hanglt26\\AppData\\Local\\Temp\\rust_mozprofileYzHzur"
console.warn: services.settings: Ignoring preference override of remote settings server
console.warn: services.settings: Allow by setting MOZ_REMOTE_SETTINGS_DEVTOOLS=1 in the environment
[GFX1]: Potential driver version mismatch ignored due to missing DLLs igd10umd64 v= and igd10iumd64 v=
1693993777607	Marionette	INFO	Marionette enabled
Dynamically enable window occlusion 0
1693993777661	Marionette	INFO	Listening on port 65091
WebDriver BiDi listening on ws://127.0.0.1:65084
Read port: 65091
1693993777829	RemoteAgent	WARN	TLS certificate errors will be ignored for this session
[GFX1]: Potential driver version mismatch ignored due to missing DLLs igd10umd64 v= and igd10iumd64 v=
[GFX1-]: Failed to get D3D11VideoDevice: 0x80004002
[GFX1-]: Handling webrender error 5
DevTools listening on ws://127.0.0.1:65084/devtools/browser/39b58a4a-b075-4ceb-90f9-cb22378a4541
[Parent 30124, IPC I/O Parent] WARNING: DuplicateHandle failed for handle 0 in TransferHandles: file /builds/worker/checkouts/gecko/ipc/chromium/src/chrome/common/ipc_channel_win.cc:621
[GPU 3800, IPC I/O Child] WARNING: pipe error: 232: file /builds/worker/checkouts/gecko/ipc/chromium/src/chrome/common/ipc_channel_win.cc:443
console.warn: LoginRecipes: "Falling back to a synchronous message for: https://www.google.com."
JavaScript error: https://www.google.com/sorry/index?continue=https://www.google.com/search%3Fq%3Dmsb%26sca_esv%3D563029658%26source%3Dhp%26ei%3DNkv4ZPKDLoqD2roP2vuV-Ag%26iflsig%3DAD69kcEAAAAAZPhZRgC_2wdkbPR-meC0BtXZaTJMv2VX%26oq%3DMSB%26gs_lp%3DEgdnd3Mtd2l6IgNNU0IqAggAMgsQABiABBixAxiDATILEAAYgAQYsQMYgwEyCxAAGIAEGLEDGIMBMgsQABiABBixAxiDATILEAAYgAQYsQMYgwEyBRAAGIAEMgUQABiABDILEAAYgAQYsQMYgwEyBRAAGIAEMgUQABiABEj5AVAAWAhwAHgAkAEAmAFuoAGuAqoBAzEuMrgBAcgBAPgBAcICCBAuGIAEGLEDwgILEC4YgAQYsQMYgwHCAg4QLhiABBixAxjHARjRA8ICCBAAGIAEGLED%26sclient%3Dgws-wiz&q=EhAqCbrBeuAAUAAAAAACRQAwGLqW4acGIjDIycz3AVM0nNfl9xUQYUuINZCqbMbZU5tfvHI0GTirtLBO4R6P3tGc0wICCRUJuVYyAXJaAUM, line 1: SyntaxError: expected expression, got ','
console.warn: services.settings: Ignoring preference override of remote settings server
console.warn: services.settings: Allow by setting MOZ_REMOTE_SETTINGS_DEVTOOLS=1 in the environment
console.error: (new TypeError("lazy.AsyncShutdown.profileBeforeChange is undefined", "resource://services-settings/Database.sys.mjs", 597))
console.warn: LoginRecipes: "Falling back to a synchronous message for: https://www.google.com."
1693993797763	Marionette	WARN	Ignoring event 'DOMContentLoaded' because document has an invalid readyState of 'complete'.
[Parent 30124, IPC I/O Parent] WARNING: DuplicateHandle failed for handle 0 in TransferHandles: file /builds/worker/checkouts/gecko/ipc/chromium/src/chrome/common/ipc_channel_win.cc:621
[GPU 3800, IPC I/O Child] WARNING: pipe error: 232: file /builds/worker/checkouts/gecko/ipc/chromium/src/chrome/common/ipc_channel_win.cc:443
[Parent 30124, IPC I/O Parent] WARNING: DuplicateHandle failed for handle 0 in TransferHandles: file /builds/worker/checkouts/gecko/ipc/chromium/src/chrome/common/ipc_channel_win.cc:621
[GPU 3800, IPC I/O Child] WARNING: pipe error: 232: file /builds/worker/checkouts/gecko/ipc/chromium/src/chrome/common/ipc_channel_win.cc:443
1693993819658	Marionette	INFO	Stopped listening on port 65091
JavaScript warning: https://www.msb.com.vn/combo/?browserId=firefox&minifierType=&languageId=vi_VN&b=7310&t=1665575097136&/o/frontend-js-aui-web/aui/aui-timer/aui-timer-min.js&/o/frontend-js-aui-web/aui/event-touch/event-touch-min.js&/o/frontend-js-aui-web/aui/event-move/event-move-min.js, line 1: Script terminated by timeout at:
_runner@https://www.msb.com.vn/combo/?browserId=firefox&minifierType=&languageId=vi_VN&b=7310&t=1665575097136&/o/frontend-js-aui-web/aui/aui-timer/aui-timer-min.js&/o/frontend-js-aui-web/aui/event-touch/event-touch-min.js&/o/frontend-js-aui-web/aui/event-move/event-move-min.js:1:1695

Dynamically enable window occlusion 1
[Parent 30124, IPC I/O Parent] WARNING: DuplicateHandle failed for handle 0 in TransferHandles: file /builds/worker/checkouts/gecko/ipc/chromium/src/chrome/common/ipc_channel_win.cc:621
[GPU 3800, IPC I/O Child] WARNING: pipe error: 232: file /builds/worker/checkouts/gecko/ipc/chromium/src/chrome/common/ipc_channel_win.cc:443
[Parent 30124, IPC I/O Parent] WARNING: DuplicateHandle failed for handle 0 in TransferHandles: file /builds/worker/checkouts/gecko/ipc/chromium/src/chrome/common/ipc_channel_win.cc:621
[GPU 3800, IPC I/O Child] WARNING: pipe error: 232: file /builds/worker/checkouts/gecko/ipc/chromium/src/chrome/common/ipc_channel_win.cc:443
[Parent 30124, IPC I/O Parent] WARNING: DuplicateHandle failed for handle 0 in TransferHandles: file /builds/worker/checkouts/gecko/ipc/chromium/src/chrome/common/ipc_channel_win.cc:621
[GPU 3800, IPC I/O Child] WARNING: pipe error: 232: file /builds/worker/checkouts/gecko/ipc/chromium/src/chrome/common/ipc_channel_win.cc:443
[Parent 30124, IPC I/O Parent] WARNING: DuplicateHandle failed for handle 0 in TransferHandles: file /builds/worker/checkouts/gecko/ipc/chromium/src/chrome/common/ipc_channel_win.cc:621
[GPU 3800, IPC I/O Child] WARNING: pipe error: 232: file /builds/worker/checkouts/gecko/ipc/chromium/src/chrome/common/ipc_channel_win.cc:443
[Parent 30124, IPC I/O Parent] WARNING: DuplicateHandle failed for handle 0 in TransferHandles: file /builds/worker/checkouts/gecko/ipc/chromium/src/chrome/common/ipc_channel_win.cc:621
[GPU 3800, IPC I/O Child] WARNING: pipe error: 232: file /builds/worker/checkouts/gecko/ipc/chromium/src/chrome/common/ipc_channel_win.cc:443
[Parent 30124, IPC I/O Parent] WARNING: DuplicateHandle failed for handle 0 in TransferHandles: file /builds/worker/checkouts/gecko/ipc/chromium/src/chrome/common/ipc_channel_win.cc:621
[GPU 3800, IPC I/O Child] WARNING: pipe error: 232: file /builds/worker/checkouts/gecko/ipc/chromium/src/chrome/common/ipc_channel_win.cc:443
