1693993739532	geckodriver	INFO	Listening on 127.0.0.1:64744
1693993742593	mozrunner::runner	INFO	Running command: "C:\\Program Files\\Mozilla Firefox\\firefox.exe" "--marionette" "--remote-debugging-port" "64745" "--remote-allow-hosts" "localhost" "-no-remote" "-profile" "C:\\Users\\hanglt26\\AppData\\Local\\Temp\\rust_mozprofilefeYFrv"
console.warn: services.settings: Ignoring preference override of remote settings server
console.warn: services.settings: Allow by setting MOZ_REMOTE_SETTINGS_DEVTOOLS=1 in the environment
[GFX1]: Potential driver version mismatch ignored due to missing DLLs igd10umd64 v= and igd10iumd64 v=
1693993744162	Marionette	INFO	Marionette enabled
Dynamically enable window occlusion 0
1693993744220	Marionette	INFO	Listening on port 64887
WebDriver BiDi listening on ws://127.0.0.1:64745
Read port: 64887
1693993744406	RemoteAgent	WARN	TLS certificate errors will be ignored for this session
[GFX1]: Potential driver version mismatch ignored due to missing DLLs igd10umd64 v= and igd10iumd64 v=
[GFX1-]: Failed to get D3D11VideoDevice: 0x80004002
[GFX1-]: Handling webrender error 5
DevTools listening on ws://127.0.0.1:64745/devtools/browser/b7b3d15a-f23b-43d7-9f19-608972f3991e
[Parent 34440, IPC I/O Parent] WARNING: DuplicateHandle failed for handle 0 in TransferHandles: file /builds/worker/checkouts/gecko/ipc/chromium/src/chrome/common/ipc_channel_win.cc:621
[GPU 36524, IPC I/O Child] WARNING: pipe error: 232: file /builds/worker/checkouts/gecko/ipc/chromium/src/chrome/common/ipc_channel_win.cc:443
console.warn: LoginRecipes: "Falling back to a synchronous message for: https://demo.guru99.com."
console.warn: LoginRecipes: "Falling back to a synchronous message for: https://demo.guru99.com."
JavaScript warning: https://gum.criteo.com/syncframe?origin=publishertagids&topUrl=demo.guru99.com#{%22uid%22:{%22origin%22:0},%22lwid%22:{%22origin%22:0},%22bundle%22:{%22origin%22:0},%22optout%22:{%22value%22:false,%22origin%22:0},%22sid%22:{%22origin%22:0},%22tld%22:%22guru99.com%22,%22topUrl%22:%22demo.guru99.com%22,%22version%22:141,%22cw%22:true,%22lsw%22:true,%22origin%22:%22publishertagids%22,%22requestId%22:%220.6782643287958687%22}, line 14: Script terminated by timeout at:
r.prototype.flushEventQueue@https://gum.criteo.com/syncframe?origin=publishertagids&topUrl=demo.guru99.com#{%22uid%22:{%22origin%22:0},%22lwid%22:{%22origin%22:0},%22bundle%22:{%22origin%22:0},%22optout%22:{%22value%22:false,%22origin%22:0},%22sid%22:{%22origin%22:0},%22tld%22:%22guru99.com%22,%22topUrl%22:%22demo.guru99.com%22,%22version%22:141,%22cw%22:true,%22lsw%22:true,%22origin%22:%22publishertagids%22,%22requestId%22:%220.6782643287958687%22}:14:3137
r/<@https://gum.criteo.com/syncframe?origin=publishertagids&topUrl=demo.guru99.com#{%22uid%22:{%22origin%22:0},%22lwid%22:{%22origin%22:0},%22bundle%22:{%22origin%22:0},%22optout%22:{%22value%22:false,%22origin%22:0},%22sid%22:{%22origin%22:0},%22tld%22:%22guru99.com%22,%22topUrl%22:%22demo.guru99.com%22,%22version%22:141,%22cw%22:true,%22lsw%22:true,%22origin%22:%22publishertagids%22,%22requestId%22:%220.6782643287958687%22}:14:3642

[Parent 34440, IPC I/O Parent] WARNING: DuplicateHandle failed for handle 0 in TransferHandles: file /builds/worker/checkouts/gecko/ipc/chromium/src/chrome/common/ipc_channel_win.cc:621
[GPU 36524, IPC I/O Child] WARNING: pipe error: 232: file /builds/worker/checkouts/gecko/ipc/chromium/src/chrome/common/ipc_channel_win.cc:443
[Parent 34440, IPC I/O Parent] WARNING: DuplicateHandle failed for handle 0 in TransferHandles: file /builds/worker/checkouts/gecko/ipc/chromium/src/chrome/common/ipc_channel_win.cc:621
[GPU 36524, IPC I/O Child] WARNING: pipe error: 232: file /builds/worker/checkouts/gecko/ipc/chromium/src/chrome/common/ipc_channel_win.cc:443
1693993759429	Marionette	INFO	Stopped listening on port 64887
JavaScript warning: https://www.googletagservices.com/activeview/js/current/rx_lidar.js?cache=r20110914, line 73: Script terminated by timeout at:
m.unsubscribe@https://www.googletagservices.com/activeview/js/current/rx_lidar.js?cache=r20110914:73:126
m.m@https://www.googletagservices.com/activeview/js/current/rx_lidar.js?cache=r20110914:114:497
m.next@https://www.googletagservices.com/activeview/js/current/rx_lidar.js?cache=r20110914:72:859
jd.prototype.pa@https://www.googletagservices.com/activeview/js/current/rx_lidar.js?cache=r20110914:93:172
Uc.prototype.m@https://www.googletagservices.com/activeview/js/current/rx_lidar.js?cache=r20110914:87:1090
m.next@https://www.googletagservices.com/activeview/js/current/rx_lidar.js?cache=r20110914:72:859
Kc.prototype.m@https://www.googletagservices.com/activeview/js/current/rx_lidar.js?cache=r20110914:85:601
m.next@https://www.googletagservices.com/activeview/js/current/rx_lidar.js?cache=r20110914:72:859
Sj/c/</</<@https://www.googletagservices.com/activeview/js/current/rx_lidar.js?cache=r20110914:183:320
Qa@https://www.googletagservices.com/activeview/js/current/rx_lidar.js?cache=r20110914:44:339
Na.prototype.flush@https://www.googletagservices.com/activeview/js/current/rx_lidar.js?cache=r20110914:44:127
Pa@https://www.googletagservices.com/activeview/js/current/rx_lidar.js?cache=r20110914:43:330
Sj/c/</<@https://www.googletagservices.com/activeview/js/current/rx_lidar.js?cache=r20110914:183:292
m.nd@https://www.googletagservices.com/activeview/js/current/rx_lidar.js?cache=r20110914:75:425
m.next@https://www.googletagservices.com/activeview/js/current/rx_lidar.js?cache=r20110914:74:439
m.m@https://www.googletagservices.com/activeview/js/current/rx_lidar.js?cache=r20110914:73:223
m.next@https://www.googletagservices.com/activeview/js/current/rx_lidar.js?cache=r20110914:72:859
sc/<@https://www.googletagservices.com/activeview/js/current/rx_lidar.js?cache=r20110914:80:1186
m.sd@https://www.googletagservices.com/activeview/js/current/rx_lidar.js?cache=r20110914:77:34
m.subscribe@https://www.googletagservices.com/activeview/js/current/rx_lidar.js?cache=r20110914:76:946
Sj/c/<@https://www.googletagservices.com/activeview/js/current/rx_lidar.js?cache=r20110914:183:268
m.sd@https://www.googletagservices.com/activeview/js/current/rx_lidar.js?cache=r20110914:77:34
m.subscribe@https://www.googletagservices.com/activeview/js/current/rx_lidar.js?cache=r20110914:76:946
of.wg@https://www.googletagservices.com/activeview/js/current/rx_lidar.js?cache=r20110914:113:1035
m.De@https://www.googletagservices.com/activeview/js/current/rx_lidar.js?cache=r20110914:96:377
Td.prototype.execute@https://www.googletagservices.com/activeview/js/current/rx_lidar.js?cache=r20110914:103:2050
sd.prototype.flush@https://www.googletagservices.com/activeview/js/current/rx_lidar.js?cache=r20110914:97:438
Td.prototype.A@https://www.googletagservices.com/activeview/js/current/rx_lidar.js?cache=r20110914:103:1925
zc.prototype.A@https://www.googletagservices.com/activeview/js/current/rx_lidar.js?cache=r20110914:82:300
of.prototype.ba@https://www.googletagservices.com/activeview/js/current/rx_lidar.js?cache=r20110914:113:1103
m.subscribe@https://www.googletagservices.com/activeview/js/current/rx_lidar.js?cache=r20110914:76:935
qf.prototype.call@https://www.googletagservices.com/activeview/js/current/rx_lidar.js?cache=r20110914:114:77
m.subscribe@https://www.googletagservices.com/activeview/js/current/rx_lidar.js?cache=r20110914:76:877
Fc.prototype.connect@https://www.googletagservices.com/activeview/js/current/rx_lidar.js?cache=r20110914:83:573
Dc.prototype.call@https://www.googletagservices.com/activeview/js/current/rx_lidar.js?cache=r20110914:82:744
m.subscribe@https://www.googletagservices.com/activeview/js/current/rx_lidar.js?cache=r20110914:76:877
Sj/c/<@https://www.googletagservices.com/activeview/js/current/rx_lidar.js?cache=r20110914:183:268
m.sd@https://www.googletagservices.com/activeview/js/current/rx_lidar.js?cache=r20110914:77:34
m.subscribe@https://www.googletagservices.com/activeview/js/current/rx_lidar.js?cache=r20110914:76:946
Jc.prototype.call@https://www.googletagservices.com/activeview/js/current/rx_lidar.js?cache=r20110914:85:311
m.subscribe@https://www.googletagservices.com/activeview/js/current/rx_lidar.js?cache=r20110914:76:877
id.prototype.call@https://www.googletagservices.com/activeview/js/current/rx_lidar.js?cache=r20110914:91:2240
m.subscribe@https://www.googletagservices.com/activeview/js/current/rx_lidar.js?cache=r20110914:76:877
Be.prototype.call@https://www.googletagservices.com/activeview/js/current/rx_lidar.js?cache=r20110914:106:547
m.subscribe@https://www.googletagservices.com/activeview/js/current/rx_lidar.js?cache=r20110914:76:877
Jc.prototype.call@https://www.googletagservices.com/activeview/js/current/rx_lidar.js?cache=r20110914:85:311
m.subscribe@https://www.googletagservices.com/activeview/js/current/rx_lidar.js?cache=r20110914:76:877
cp.prototype.start@https://www.googletagservices.com/activeview/js/current/rx_lidar.js?cache=r20110914:268:228
kp@https://www.googletagservices.com/activeview/js/current/rx_lidar.js?cache=r20110914:278:463
@https://www.googletagservices.com/activeview/js/current/rx_lidar.js?cache=r20110914:285:653
zj/<@https://www.googletagservices.com/activeview/js/current/rx_lidar.js?cache=r20110914:174:1013
Ma.prototype.La/<@https://www.googletagservices.com/activeview/js/current/rx_lidar.js?cache=r20110914:43:162
@https://www.googletagservices.com/activeview/js/current/rx_lidar.js?cache=r20110914:285:662
@https://www.googletagservices.com/activeview/js/current/rx_lidar.js?cache=r20110914:285:666
@https://www.googletagservices.com/activeview/js/current/rx_lidar.js?cache=r20110914:285:689

JavaScript warning: https://fdyn.pubwise.io/script/b7da2361-4ada-4374-9097-af748311b5fe/v3/dyn/pws.js, line 1239: Script terminated by timeout at:
b@https://fdyn.pubwise.io/script/b7da2361-4ada-4374-9097-af748311b5fe/v3/dyn/pws.js:1239:527

Dynamically enable window occlusion 1
[Parent 34440, IPC I/O Parent] WARNING: DuplicateHandle failed for handle 0 in TransferHandles: file /builds/worker/checkouts/gecko/ipc/chromium/src/chrome/common/ipc_channel_win.cc:621
[GPU 36524, IPC I/O Child] WARNING: pipe error: 232: file /builds/worker/checkouts/gecko/ipc/chromium/src/chrome/common/ipc_channel_win.cc:443
[Parent 34440, IPC I/O Parent] WARNING: DuplicateHandle failed for handle 0 in TransferHandles: file /builds/worker/checkouts/gecko/ipc/chromium/src/chrome/common/ipc_channel_win.cc:621
[GPU 36524, IPC I/O Child] WARNING: pipe error: 232: file /builds/worker/checkouts/gecko/ipc/chromium/src/chrome/common/ipc_channel_win.cc:443
[Parent 34440, IPC I/O Parent] WARNING: DuplicateHandle failed for handle 0 in TransferHandles: file /builds/worker/checkouts/gecko/ipc/chromium/src/chrome/common/ipc_channel_win.cc:621
[GPU 36524, IPC I/O Child] WARNING: pipe error: 232: file /builds/worker/checkouts/gecko/ipc/chromium/src/chrome/common/ipc_channel_win.cc:443
[Parent 34440, IPC I/O Parent] WARNING: DuplicateHandle failed for handle 0 in TransferHandles: file /builds/worker/checkouts/gecko/ipc/chromium/src/chrome/common/ipc_channel_win.cc:621
[GPU 36524, IPC I/O Child] WARNING: pipe error: 232: file /builds/worker/checkouts/gecko/ipc/chromium/src/chrome/common/ipc_channel_win.cc:443
[Parent 34440, IPC I/O Parent] WARNING: DuplicateHandle failed for handle 0 in TransferHandles: file /builds/worker/checkouts/gecko/ipc/chromium/src/chrome/common/ipc_channel_win.cc:621
[GPU 36524, IPC I/O Child] WARNING: pipe error: 232: file /builds/worker/checkouts/gecko/ipc/chromium/src/chrome/common/ipc_channel_win.cc:443
