1693292918317	geckodriver	INFO	Listening on 127.0.0.1:58937
1693292921364	mozrunner::runner	INFO	Running command: "C:\\Program Files\\Mozilla Firefox\\firefox.exe" "--marionette" "--remote-debugging-port" "58938" "--remote-allow-hosts" "localhost" "-no-remote" "-profile" "C:\\Users\\hanglt26\\AppData\\Local\\Temp\\rust_mozprofileU1gZNI"
console.warn: services.settings: Ignoring preference override of remote settings server
console.warn: services.settings: Allow by setting MOZ_REMOTE_SETTINGS_DEVTOOLS=1 in the environment
[GFX1]: Potential driver version mismatch ignored due to missing DLLs igd10umd64 v= and igd10iumd64 v=
1693292921713	Marionette	INFO	Marionette enabled
Dynamically enable window occlusion 0
1693292921777	Marionette	INFO	Listening on port 58950
WebDriver BiDi listening on ws://127.0.0.1:58938
Read port: 58950
1693292921947	RemoteAgent	WARN	TLS certificate errors will be ignored for this session
[GFX1]: Potential driver version mismatch ignored due to missing DLLs igd10umd64 v= and igd10iumd64 v=
[GFX1-]: Failed to get D3D11VideoDevice: 0x80004002
[GFX1-]: Handling webrender error 5
DevTools listening on ws://127.0.0.1:58938/devtools/browser/39f7e055-ff12-4a22-a1eb-4fb323dea357
JavaScript warning: https://frontend.tikicdn.com/_desktop-next/_next/static/chunks/126c5b0a3de3b866fc5f7fe9817c84e8bd8d87cd.4c4e330d954eb7bfc873.js, line 1: unreachable code after return statement
JavaScript warning: https://frontend.tikicdn.com/_desktop-next/_next/static/chunks/126c5b0a3de3b866fc5f7fe9817c84e8bd8d87cd.4c4e330d954eb7bfc873.js, line 1: unreachable code after return statement
JavaScript warning: https://frontend.tikicdn.com/_desktop-next/_next/static/chunks/126c5b0a3de3b866fc5f7fe9817c84e8bd8d87cd.4c4e330d954eb7bfc873.js, line 1: unreachable code after return statement
[Parent 22060, IPC I/O Parent] WARNING: DuplicateHandle failed for handle 0 in TransferHandles: file /builds/worker/checkouts/gecko/ipc/chromium/src/chrome/common/ipc_channel_win.cc:621
[GPU 23332, IPC I/O Child] WARNING: pipe error: 232: file /builds/worker/checkouts/gecko/ipc/chromium/src/chrome/common/ipc_channel_win.cc:443
1693292936652	Marionette	WARN	Ignoring event 'pageshow' because document has an invalid readyState of 'uninitialized'.
JavaScript warning: https://www.googletagmanager.com/gtag/js?l=dataLayer&id=G-GSD4ETCY1D, line 265: Script terminated by timeout at:
om@https://www.googletagmanager.com/gtag/js?l=dataLayer&id=G-GSD4ETCY1D:265:463
OE@https://www.googletagmanager.com/gtag/js?l=dataLayer&id=G-GSD4ETCY1D:433:666
aa.gm@https://www.googletagmanager.com/gtag/js?l=dataLayer&id=G-GSD4ETCY1D:436:79
aa.fm/k/<@https://www.googletagmanager.com/gtag/js?l=dataLayer&id=G-GSD4ETCY1D:435:494
Ij@https://www.googletagmanager.com/gtag/js?l=dataLayer&id=G-GSD4ETCY1D:231:221
Uj@https://www.googletagmanager.com/gtag/js?l=dataLayer&id=G-GSD4ETCY1D:233:349
k@https://www.googletagmanager.com/gtag/js?l=dataLayer&id=G-GSD4ETCY1D:435:480
c@https://www.googletagmanager.com/gtag/js?l=dataLayer&id=G-GSD4ETCY1D:275:169
on@https://www.googletagmanager.com/gtag/js?l=dataLayer&id=G-GSD4ETCY1D:276:269
aa.fm@https://www.googletagmanager.com/gtag/js?l=dataLayer&id=G-GSD4ETCY1D:436:13
c@https://www.googletagmanager.com/gtag/js?l=dataLayer&id=G-GSD4ETCY1D:455:694
Xv@https://www.googletagmanager.com/gtag/js?l=dataLayer&id=G-GSD4ETCY1D:349:298
Wv.prototype.flush@https://www.googletagmanager.com/gtag/js?l=dataLayer&id=G-GSD4ETCY1D:352:266
Wv.prototype.push@https://www.googletagmanager.com/gtag/js?l=dataLayer&id=G-GSD4ETCY1D:350:207
Pv@https://www.googletagmanager.com/gtag/js?l=dataLayer&id=G-GSD4ETCY1D:347:712
fF/<@https://www.googletagmanager.com/gtag/js?l=dataLayer&id=G-GSD4ETCY1D:456:153
aa.uk/<@https://www.googletagmanager.com/gtag/js?l=dataLayer&id=G-GSD4ETCY1D:407:126
aa.uk/c/<@https://www.googletagmanager.com/gtag/js?l=dataLayer&id=G-GSD4ETCY1D:406:420

1693292937959	Marionette	INFO	Stopped listening on port 58950
Dynamically enable window occlusion 1
[Parent 22060, IPC I/O Parent] WARNING: DuplicateHandle failed for handle 0 in TransferHandles: file /builds/worker/checkouts/gecko/ipc/chromium/src/chrome/common/ipc_channel_win.cc:621
[GPU 23332, IPC I/O Child] WARNING: pipe error: 232: file /builds/worker/checkouts/gecko/ipc/chromium/src/chrome/common/ipc_channel_win.cc:443
[Parent 22060, IPC I/O Parent] WARNING: DuplicateHandle failed for handle 0 in TransferHandles: file /builds/worker/checkouts/gecko/ipc/chromium/src/chrome/common/ipc_channel_win.cc:621
[GPU 23332, IPC I/O Child] WARNING: pipe error: 232: file /builds/worker/checkouts/gecko/ipc/chromium/src/chrome/common/ipc_channel_win.cc:443
[Parent 22060, IPC I/O Parent] WARNING: DuplicateHandle failed for handle 0 in TransferHandles: file /builds/worker/checkouts/gecko/ipc/chromium/src/chrome/common/ipc_channel_win.cc:621
[GPU 23332, IPC I/O Child] WARNING: pipe error: 232: file /builds/worker/checkouts/gecko/ipc/chromium/src/chrome/common/ipc_channel_win.cc:443
[Parent 22060, IPC I/O Parent] WARNING: DuplicateHandle failed for handle 0 in TransferHandles: file /builds/worker/checkouts/gecko/ipc/chromium/src/chrome/common/ipc_channel_win.cc:621
[GPU 23332, IPC I/O Child] WARNING: pipe error: 232: file /builds/worker/checkouts/gecko/ipc/chromium/src/chrome/common/ipc_channel_win.cc:443
[Parent 22060, IPC I/O Parent] WARNING: DuplicateHandle failed for handle 0 in TransferHandles: file /builds/worker/checkouts/gecko/ipc/chromium/src/chrome/common/ipc_channel_win.cc:621
[GPU 23332, IPC I/O Child] WARNING: pipe error: 232: file /builds/worker/checkouts/gecko/ipc/chromium/src/chrome/common/ipc_channel_win.cc:443
