1693283268149	geckodriver	INFO	Listening on 127.0.0.1:52478
1693283271159	mozrunner::runner	INFO	Running command: "C:\\Program Files\\Mozilla Firefox\\firefox.exe" "--marionette" "--remote-debugging-port" "52479" "--remote-allow-hosts" "localhost" "-no-remote" "-profile" "C:\\Users\\hanglt26\\AppData\\Local\\Temp\\rust_mozprofilenK4vya"
console.warn: services.settings: Ignoring preference override of remote settings server
console.warn: services.settings: Allow by setting MOZ_REMOTE_SETTINGS_DEVTOOLS=1 in the environment
[GFX1]: Potential driver version mismatch ignored due to missing DLLs igd10umd64 v= and igd10iumd64 v=
1693283271517	Marionette	INFO	Marionette enabled
Dynamically enable window occlusion 0
1693283271573	Marionette	INFO	Listening on port 52495
WebDriver BiDi listening on ws://127.0.0.1:52479
Read port: 52495
1693283271741	RemoteAgent	WARN	TLS certificate errors will be ignored for this session
[GFX1]: Potential driver version mismatch ignored due to missing DLLs igd10umd64 v= and igd10iumd64 v=
[GFX1-]: Failed to get D3D11VideoDevice: 0x80004002
[GFX1-]: Handling webrender error 5
console.error: Region.sys.mjs: "Error fetching region" (new SyntaxError("JSON.parse: unexpected character at line 1 column 1 of the JSON data", ""))
console.error: Region.sys.mjs: "Failed to fetch region" (new Error("NO_RESULT", "resource://gre/modules/Region.sys.mjs", 411))
DevTools listening on ws://127.0.0.1:52479/devtools/browser/0c66bf4c-618e-4df6-86d4-6277dc8c8cbc
[Parent 32556, IPC I/O Parent] WARNING: DuplicateHandle failed for handle 0 in TransferHandles: file /builds/worker/checkouts/gecko/ipc/chromium/src/chrome/common/ipc_channel_win.cc:621
[GPU 27768, IPC I/O Child] WARNING: pipe error: 232: file /builds/worker/checkouts/gecko/ipc/chromium/src/chrome/common/ipc_channel_win.cc:443
JavaScript warning: https://frontend.tikicdn.com/_desktop-next/_next/static/chunks/126c5b0a3de3b866fc5f7fe9817c84e8bd8d87cd.4c4e330d954eb7bfc873.js, line 1: unreachable code after return statement
JavaScript warning: https://frontend.tikicdn.com/_desktop-next/_next/static/chunks/126c5b0a3de3b866fc5f7fe9817c84e8bd8d87cd.4c4e330d954eb7bfc873.js, line 1: unreachable code after return statement
JavaScript warning: https://frontend.tikicdn.com/_desktop-next/_next/static/chunks/126c5b0a3de3b866fc5f7fe9817c84e8bd8d87cd.4c4e330d954eb7bfc873.js, line 1: unreachable code after return statement
1693283296931	Marionette	WARN	Ignoring event 'pageshow' because document has an invalid readyState of 'uninitialized'.
console.error: Region.sys.mjs: "Error fetching region" (new SyntaxError("JSON.parse: unexpected character at line 1 column 1 of the JSON data", ""))
console.error: Region.sys.mjs: "Failed to fetch region" (new Error("NO_RESULT", "resource://gre/modules/Region.sys.mjs", 411))
1693283301821	addons.xpi	ERROR	System addon update list error Error: got node name: parsererror, expected: updates
console.error: (new Error("Polling for changes failed: Unexpected content-type \"text/html\".", "resource://services-settings/remote-settings.sys.mjs", 324))
[Parent 32556, IPC I/O Parent] WARNING: DuplicateHandle failed for handle 0 in TransferHandles: file /builds/worker/checkouts/gecko/ipc/chromium/src/chrome/common/ipc_channel_win.cc:621
[GPU 27768, IPC I/O Child] WARNING: pipe error: 232: file /builds/worker/checkouts/gecko/ipc/chromium/src/chrome/common/ipc_channel_win.cc:443
JavaScript warning: https://frontend.tikicdn.com/_desktop-next/_next/static/chunks/main-37013f0e6fc7057e2981.js, line 1: Script terminated by timeout at:
c@https://frontend.tikicdn.com/_desktop-next/_next/static/chunks/main-37013f0e6fc7057e2981.js:1:17727

1693283433275	Marionette	INFO	Stopped listening on port 52495
Dynamically enable window occlusion 1
[Parent 32556, IPC I/O Parent] WARNING: DuplicateHandle failed for handle 0 in TransferHandles: file /builds/worker/checkouts/gecko/ipc/chromium/src/chrome/common/ipc_channel_win.cc:621
[GPU 27768, IPC I/O Child] WARNING: pipe error: 232: file /builds/worker/checkouts/gecko/ipc/chromium/src/chrome/common/ipc_channel_win.cc:443
[Parent 32556, IPC I/O Parent] WARNING: DuplicateHandle failed for handle 0 in TransferHandles: file /builds/worker/checkouts/gecko/ipc/chromium/src/chrome/common/ipc_channel_win.cc:621
[GPU 27768, IPC I/O Child] WARNING: pipe error: 232: file /builds/worker/checkouts/gecko/ipc/chromium/src/chrome/common/ipc_channel_win.cc:443
[Parent 32556, IPC I/O Parent] WARNING: DuplicateHandle failed for handle 0 in TransferHandles: file /builds/worker/checkouts/gecko/ipc/chromium/src/chrome/common/ipc_channel_win.cc:621
[GPU 27768, IPC I/O Child] WARNING: pipe error: 232: file /builds/worker/checkouts/gecko/ipc/chromium/src/chrome/common/ipc_channel_win.cc:443
[Parent 32556, IPC I/O Parent] WARNING: DuplicateHandle failed for handle 0 in TransferHandles: file /builds/worker/checkouts/gecko/ipc/chromium/src/chrome/common/ipc_channel_win.cc:621
[GPU 27768, IPC I/O Child] WARNING: pipe error: 232: file /builds/worker/checkouts/gecko/ipc/chromium/src/chrome/common/ipc_channel_win.cc:443
[Parent 32556, IPC I/O Parent] WARNING: DuplicateHandle failed for handle 0 in TransferHandles: file /builds/worker/checkouts/gecko/ipc/chromium/src/chrome/common/ipc_channel_win.cc:621
[GPU 27768, IPC I/O Child] WARNING: pipe error: 232: file /builds/worker/checkouts/gecko/ipc/chromium/src/chrome/common/ipc_channel_win.cc:443
