1693281092084	geckodriver	INFO	Listening on 127.0.0.1:61704
1693281095101	mozrunner::runner	INFO	Running command: "C:\\Program Files\\Mozilla Firefox\\firefox.exe" "--marionette" "--remote-debugging-port" "61705" "--remote-allow-hosts" "localhost" "-no-remote" "-profile" "C:\\Users\\hanglt26\\AppData\\Local\\Temp\\rust_mozprofileC1D2XQ"
console.warn: services.settings: Ignoring preference override of remote settings server
console.warn: services.settings: Allow by setting MOZ_REMOTE_SETTINGS_DEVTOOLS=1 in the environment
[GFX1]: Potential driver version mismatch ignored due to missing DLLs igd10umd64 v= and igd10iumd64 v=
1693281095416	Marionette	INFO	Marionette enabled
Dynamically enable window occlusion 0
1693281095470	Marionette	INFO	Listening on port 61718
WebDriver BiDi listening on ws://127.0.0.1:61705
Read port: 61718
1693281095645	RemoteAgent	WARN	TLS certificate errors will be ignored for this session
[GFX1]: Potential driver version mismatch ignored due to missing DLLs igd10umd64 v= and igd10iumd64 v=
[GFX1-]: Failed to get D3D11VideoDevice: 0x80004002
[GFX1-]: Handling webrender error 5
console.error: Region.sys.mjs: "Error fetching region" (new SyntaxError("JSON.parse: unexpected character at line 1 column 1 of the JSON data", ""))
console.error: Region.sys.mjs: "Failed to fetch region" (new Error("NO_RESULT", "resource://gre/modules/Region.sys.mjs", 411))
DevTools listening on ws://127.0.0.1:61705/devtools/browser/44f2c101-2037-4cd4-9113-00a6e643c08b
JavaScript warning: https://frontend.tikicdn.com/_desktop-next/_next/static/chunks/126c5b0a3de3b866fc5f7fe9817c84e8bd8d87cd.4c4e330d954eb7bfc873.js, line 1: unreachable code after return statement
JavaScript warning: https://frontend.tikicdn.com/_desktop-next/_next/static/chunks/126c5b0a3de3b866fc5f7fe9817c84e8bd8d87cd.4c4e330d954eb7bfc873.js, line 1: unreachable code after return statement
JavaScript warning: https://frontend.tikicdn.com/_desktop-next/_next/static/chunks/126c5b0a3de3b866fc5f7fe9817c84e8bd8d87cd.4c4e330d954eb7bfc873.js, line 1: unreachable code after return statement
[Parent 32576, IPC I/O Parent] WARNING: DuplicateHandle failed for handle 0 in TransferHandles: file /builds/worker/checkouts/gecko/ipc/chromium/src/chrome/common/ipc_channel_win.cc:621
[GPU 32696, IPC I/O Child] WARNING: pipe error: 232: file /builds/worker/checkouts/gecko/ipc/chromium/src/chrome/common/ipc_channel_win.cc:443
console.error: (new Error("Polling for changes failed: NetworkError: Network request failed.", "resource://services-settings/remote-settings.sys.mjs", 324))
1693281128595	addons.xpi	ERROR	System addon update list error Error: Failed downloading XML, status: 0, channelStatus: 2153390067, errorCode: 2, reason: error
console.error: Region.sys.mjs: "Error fetching region" (new TypeError("NetworkError when attempting to fetch resource.", ""))
console.error: Region.sys.mjs: "Failed to fetch region" (new Error("NO_RESULT", "resource://gre/modules/Region.sys.mjs", 411))
[Parent 32576, IPC I/O Parent] WARNING: DuplicateHandle failed for handle 0 in TransferHandles: file /builds/worker/checkouts/gecko/ipc/chromium/src/chrome/common/ipc_channel_win.cc:621
[GPU 32696, IPC I/O Child] WARNING: pipe error: 232: file /builds/worker/checkouts/gecko/ipc/chromium/src/chrome/common/ipc_channel_win.cc:443
1693281176966	Marionette	INFO	Stopped listening on port 61718
Dynamically enable window occlusion 1
[Parent 32576, IPC I/O Parent] WARNING: DuplicateHandle failed for handle 0 in TransferHandles: file /builds/worker/checkouts/gecko/ipc/chromium/src/chrome/common/ipc_channel_win.cc:621
[GPU 32696, IPC I/O Child] WARNING: pipe error: 232: file /builds/worker/checkouts/gecko/ipc/chromium/src/chrome/common/ipc_channel_win.cc:443
[Parent 32576, IPC I/O Parent] WARNING: DuplicateHandle failed for handle 0 in TransferHandles: file /builds/worker/checkouts/gecko/ipc/chromium/src/chrome/common/ipc_channel_win.cc:621
[GPU 32696, IPC I/O Child] WARNING: pipe error: 232: file /builds/worker/checkouts/gecko/ipc/chromium/src/chrome/common/ipc_channel_win.cc:443
[Parent 32576, IPC I/O Parent] WARNING: DuplicateHandle failed for handle 0 in TransferHandles: file /builds/worker/checkouts/gecko/ipc/chromium/src/chrome/common/ipc_channel_win.cc:621
[GPU 32696, IPC I/O Child] WARNING: pipe error: 232: file /builds/worker/checkouts/gecko/ipc/chromium/src/chrome/common/ipc_channel_win.cc:443
[Parent 32576, IPC I/O Parent] WARNING: DuplicateHandle failed for handle 0 in TransferHandles: file /builds/worker/checkouts/gecko/ipc/chromium/src/chrome/common/ipc_channel_win.cc:621
[GPU 32696, IPC I/O Child] WARNING: pipe error: 232: file /builds/worker/checkouts/gecko/ipc/chromium/src/chrome/common/ipc_channel_win.cc:443
[Parent 32576, IPC I/O Parent] WARNING: DuplicateHandle failed for handle 0 in TransferHandles: file /builds/worker/checkouts/gecko/ipc/chromium/src/chrome/common/ipc_channel_win.cc:621
[GPU 32696, IPC I/O Child] WARNING: pipe error: 232: file /builds/worker/checkouts/gecko/ipc/chromium/src/chrome/common/ipc_channel_win.cc:443
[Parent 32576, IPC I/O Parent] WARNING: DuplicateHandle failed for handle 0 in TransferHandles: file /builds/worker/checkouts/gecko/ipc/chromium/src/chrome/common/ipc_channel_win.cc:621
[GPU 32696, IPC I/O Child] WARNING: pipe error: 232: file /builds/worker/checkouts/gecko/ipc/chromium/src/chrome/common/ipc_channel_win.cc:443
