1693994919515	geckodriver	INFO	Listening on 127.0.0.1:59352
1693994922542	mozrunner::runner	INFO	Running command: "C:\\Program Files\\Mozilla Firefox\\firefox.exe" "--marionette" "--remote-debugging-port" "59353" "--remote-allow-hosts" "localhost" "-no-remote" "-profile" "C:\\Users\\hanglt26\\AppData\\Local\\Temp\\rust_mozprofileDhKDiX"
console.warn: services.settings: Ignoring preference override of remote settings server
console.warn: services.settings: Allow by setting MOZ_REMOTE_SETTINGS_DEVTOOLS=1 in the environment
[GFX1]: Potential driver version mismatch ignored due to missing DLLs igd10umd64 v= and igd10iumd64 v=
1693994922944	Marionette	INFO	Marionette enabled
Dynamically enable window occlusion 0
1693994923009	Marionette	INFO	Listening on port 59383
WebDriver BiDi listening on ws://127.0.0.1:59353
Read port: 59383
1693994923206	RemoteAgent	WARN	TLS certificate errors will be ignored for this session
[GFX1]: Potential driver version mismatch ignored due to missing DLLs igd10umd64 v= and igd10iumd64 v=
[GFX1-]: Failed to get D3D11VideoDevice: 0x80004002
[GFX1-]: Handling webrender error 5
DevTools listening on ws://127.0.0.1:59353/devtools/browser/54018604-7245-4d2d-907d-392bf3987090
[Parent 20776, IPC I/O Parent] WARNING: DuplicateHandle failed for handle 0 in TransferHandles: file /builds/worker/checkouts/gecko/ipc/chromium/src/chrome/common/ipc_channel_win.cc:621
[GPU 28980, IPC I/O Child] WARNING: pipe error: 232: file /builds/worker/checkouts/gecko/ipc/chromium/src/chrome/common/ipc_channel_win.cc:443
console.warn: LoginRecipes: "Falling back to a synchronous message for: https://demo.guru99.com."
console.warn: LoginRecipes: "Falling back to a synchronous message for: https://demo.guru99.com."
JavaScript warning: https://pagead2.googlesyndication.com/bg/y--OXqz7ADyygIpSoni6phyCHaVIcLrPPWSypIROD28.js line 2 > eval line 2661 > eval line 1 > eval line 1 > eval, line 1: WEBGL_debug_renderer_info is deprecated in Firefox and will be removed. Please use RENDERER.
JavaScript warning: https://gum.criteo.com/syncframe?origin=publishertagids&topUrl=demo.guru99.com#{%22uid%22:{%22origin%22:0},%22lwid%22:{%22origin%22:0},%22bundle%22:{%22origin%22:0},%22optout%22:{%22value%22:false,%22origin%22:0},%22sid%22:{%22origin%22:0},%22tld%22:%22guru99.com%22,%22topUrl%22:%22demo.guru99.com%22,%22version%22:141,%22cw%22:true,%22lsw%22:true,%22origin%22:%22publishertagids%22,%22requestId%22:%220.720494768462107%22}, line 14: Script terminated by timeout at:
r.prototype.flushEventQueue@https://gum.criteo.com/syncframe?origin=publishertagids&topUrl=demo.guru99.com#{%22uid%22:{%22origin%22:0},%22lwid%22:{%22origin%22:0},%22bundle%22:{%22origin%22:0},%22optout%22:{%22value%22:false,%22origin%22:0},%22sid%22:{%22origin%22:0},%22tld%22:%22guru99.com%22,%22topUrl%22:%22demo.guru99.com%22,%22version%22:141,%22cw%22:true,%22lsw%22:true,%22origin%22:%22publishertagids%22,%22requestId%22:%220.720494768462107%22}:14:3137
r/<@https://gum.criteo.com/syncframe?origin=publishertagids&topUrl=demo.guru99.com#{%22uid%22:{%22origin%22:0},%22lwid%22:{%22origin%22:0},%22bundle%22:{%22origin%22:0},%22optout%22:{%22value%22:false,%22origin%22:0},%22sid%22:{%22origin%22:0},%22tld%22:%22guru99.com%22,%22topUrl%22:%22demo.guru99.com%22,%22version%22:141,%22cw%22:true,%22lsw%22:true,%22origin%22:%22publishertagids%22,%22requestId%22:%220.720494768462107%22}:14:3642

[Parent 20776, IPC I/O Parent] WARNING: DuplicateHandle failed for handle 0 in TransferHandles: file /builds/worker/checkouts/gecko/ipc/chromium/src/chrome/common/ipc_channel_win.cc:621
[GPU 28980, IPC I/O Child] WARNING: pipe error: 232: file /builds/worker/checkouts/gecko/ipc/chromium/src/chrome/common/ipc_channel_win.cc:443
[Parent 20776, IPC I/O Parent] WARNING: DuplicateHandle failed for handle 0 in TransferHandles: file /builds/worker/checkouts/gecko/ipc/chromium/src/chrome/common/ipc_channel_win.cc:621
[Parent 20776, IPC I/O Parent] WARNING: DuplicateHandle failed for handle 0 in TransferHandles: file /builds/worker/checkouts/gecko/ipc/chromium/src/chrome/common/ipc_channel_win.cc:621
[GPU 28980, IPC I/O Child] WARNING: pipe error: 232: file /builds/worker/checkouts/gecko/ipc/chromium/src/chrome/common/ipc_channel_win.cc:443
[GPU 28980, IPC I/O Child] WARNING: pipe error: 232: file /builds/worker/checkouts/gecko/ipc/chromium/src/chrome/common/ipc_channel_win.cc:443
JavaScript warning: https://pagead2.googlesyndication.com/bg/y--OXqz7ADyygIpSoni6phyCHaVIcLrPPWSypIROD28.js line 2 > eval line 3931 > eval line 1 > eval line 1 > eval, line 1: WEBGL_debug_renderer_info is deprecated in Firefox and will be removed. Please use RENDERER.
JavaScript warning: https://pagead2.googlesyndication.com/bg/y--OXqz7ADyygIpSoni6phyCHaVIcLrPPWSypIROD28.js line 2 > eval line 4073 > eval line 1 > eval line 1 > eval, line 1: WEBGL_debug_renderer_info is deprecated in Firefox and will be removed. Please use RENDERER.
