1693302050959	geckodriver	INFO	Listening on 127.0.0.1:62631
1693302053997	mozrunner::runner	INFO	Running command: "C:\\Program Files\\Mozilla Firefox\\firefox.exe" "--marionette" "--remote-debugging-port" "62632" "--remote-allow-hosts" "localhost" "-no-remote" "-profile" "C:\\Users\\hanglt26\\AppData\\Local\\Temp\\rust_mozprofileN1p5kv"
console.warn: services.settings: Ignoring preference override of remote settings server
console.warn: services.settings: Allow by setting MOZ_REMOTE_SETTINGS_DEVTOOLS=1 in the environment
[GFX1]: Potential driver version mismatch ignored due to missing DLLs igd10umd64 v= and igd10iumd64 v=
1693302054422	Marionette	INFO	Marionette enabled
Dynamically enable window occlusion 0
1693302054489	Marionette	INFO	Listening on port 62647
WebDriver BiDi listening on ws://127.0.0.1:62632
Read port: 62647
1693302054751	RemoteAgent	WARN	TLS certificate errors will be ignored for this session
[GFX1]: Potential driver version mismatch ignored due to missing DLLs igd10umd64 v= and igd10iumd64 v=
[GFX1-]: Failed to get D3D11VideoDevice: 0x80004002
[GFX1-]: Handling webrender error 5
DevTools listening on ws://127.0.0.1:62632/devtools/browser/ef4e8066-a06e-4888-a2e2-4d04ec327b5c
console.error: Region.sys.mjs: "Error fetching region" (new Error("TIMEOUT", "resource://gre/modules/Region.sys.mjs", 759))
console.error: Region.sys.mjs: "Failed to fetch region" (new Error("TIMEOUT", "resource://gre/modules/Region.sys.mjs", 411))
console.warn: LoginRecipes: "Falling back to a synchronous message for: https://www.google.com."
[Parent 22016, IPC I/O Parent] WARNING: DuplicateHandle failed for handle 0 in TransferHandles: file /builds/worker/checkouts/gecko/ipc/chromium/src/chrome/common/ipc_channel_win.cc:621
[GPU 24680, IPC I/O Child] WARNING: pipe error: 232: file /builds/worker/checkouts/gecko/ipc/chromium/src/chrome/common/ipc_channel_win.cc:443
JavaScript warning: https://www.gstatic.com/_/mss/boq-search/_/js/k=boq-search.VisualFrontendUi.en_US.Et_pfxN76qY.es5.O/am=AAAAAAAAAAAAAEAAWwCY__8H-x8BexQAAKC-5P___wgBEgAAhAMAIHCgQAEkgLMAAGgAwMKBAAAAOBWPBxBMAIB0ARAAEQQBQEcNxaMrAAAEHniUAAJgBsADAgAAAAAAIAACABz4AAAAYQYCCAAAAAAoXPOAAQEAAAAAAAAAAABAJR2CIgYAAAAAAAAAAAAEgE0C/d=1/excm=_b,_r,_tp,unifiedviewerview/ed=1/dg=0/wt=2/ujg=1/rs=AH7-fg4FmF6ywXOeiQsfb27oPGbsVrCNVg/m=_b,_tp,_r, line 428: Script terminated by timeout at:
_.Qo@https://www.gstatic.com/_/mss/boq-search/_/js/k=boq-search.VisualFrontendUi.en_US.Et_pfxN76qY.es5.O/am=AAAAAAAAAAAAAEAAWwCY__8H-x8BexQAAKC-5P___wgBEgAAhAMAIHCgQAEkgLMAAGgAwMKBAAAAOBWPBxBMAIB0ARAAEQQBQEcNxaMrAAAEHniUAAJgBsADAgAAAAAAIAACABz4AAAAYQYCCAAAAAAoXPOAAQEAAAAAAAAAAABAJR2CIgYAAAAAAAAAAAAEgE0C/d=1/excm=_b,_r,_tp,unifiedviewerview/ed=1/dg=0/wt=2/ujg=1/rs=AH7-fg4FmF6ywXOeiQsfb27oPGbsVrCNVg/m=_b,_tp,_r:428:627
mcc@https://www.gstatic.com/_/mss/boq-search/_/js/k=boq-search.VisualFrontendUi.en_US.Et_pfxN76qY.es5.O/ck=boq-search.VisualFrontendUi.nqnwy4EeSPc.L.F4.O/am=AAAAAAAAAAAAAEAAWwCY__8H-x8BexQAAKC-5P___wgBEgAAhAMAIHCgQAEkgLMAAGgAwMKBAAAAOBWPBxBMAIB0ARAAEQQBQEcNxaMrAAAEHniUAAJgBsADAgAAAAAAIAACABz4AAAAYQYCCAAAAAAoXPOAAQEAAAAAAAAAAABAJR2CIgYAAAAAAAAAAAAEgE0C/d=1/exm=LEikZe,_b,_r,_tp,byfTOb,lsjVmc/excm=_b,_r,_tp,unifiedviewerview/ed=1/wt=2/ujg=1/rs=AH7-fg5DWW1RFup2kbRELlowAj_JA-Lekg/ee=ADJUGe:nSzGM;AfeaP:TkrAjf;BMxAGc:E5bFse;BgS6mb:fidj5d;BjwMce:cXX2Wb;CRubWc:GGHMXc;CxXAWb:YyRLvc;DULqB:RKfG5c;DpcR3d:zL72xf;EABSZ:MXZt9d;EVNhjf:pw70Gc;EmZ2Bf:zr1jrb;Erl4fe:FloWmf;F9mqte:UoRcbe;Fmv9Nc:HYsvw;G0KhTb:LIaoZ;GleZL:J1A7Od;GzNeK:lwR3kb;IcRVsb:TzIJDb;IoGlCf:o8D6eb;JFdS6e:Whqy4b;JXS8fb:Qj0suc;JsbNhc:Xd8iUd;KQzWid:mB4wNe;LBgRLc:SdcwHb;LWyKNe:OGn9Jd;LsNahb:ucGLNb;Me32dd:MEeYgc;NPKaK:SdcwHb;NSEoX:lazG7b;Np8Qkd:Dpx6qc;Nyt6ic:jn2sGd;OGn9Jd:VoUpBc;Oj465e:KG2eXe;Pjplud:EEDORb;QGR0gd:Mlhmy;QHcAG:Doact;Qoo2ob:xNwrGf;R2kc8b:ALJqWb;R4IIIb:QWfeKf;R9Ulx:CR7Ufe;Rlgi2d:XM4pie;SFqMfe:d7N0Ze;SLtqO:Kh1xYe;SNUn3:ZwDk9d;SnFeMb:gIO09b;T9F76b:IGrxNe;TxfV6d:YORN0b;UDrY1c:eps46d;UVmjEd:EesRsb;UyG7Kb:wQd0G;V2HTTe:RolTY;VGRfx:VFqbr;VN6jIc:ddQyuf;VOcgDe:YquhTb;VxQ32b:k0XsBb;W1Xvfd:KwNFR;WDGyFe:jcVOxd;Wfmdue:g3MJlb;XcupOe:nPGmVc;YV5bee:IvPZ6d;ZlOOMb:ka50sc;a56pNe:JEfCwb;aAJE9c:WHW6Ef;aZ61od:arTwJ;aoM3kc:PYuXEf;bcPXSc:gSZLJb;cEt90b:ws9Tlc;cFTWae:gT8qnd;cZGwze:Uq2Ztb;csKcjd:SWn78c;dIoSBb:SpsfSb;dLlj2:Qqt3Gf;daB6be:lMxGPd;dtl0hd:lLQWFe;eBAeSb:sVEevc;eBZ5Nd:audvde;eGOC9b:UFUkKb;eHDfl:ofjVkb;fWLTFc:TVBJbf;fcYTHe:rDv7Wc;flqRgb:ox2Q7c;fufDm:kGNN9b;g8nkx:U4MzKc;gPGwWe:ds8otb;gaub4:TN6bMe;h3MYod:wV5Pjc;hK67qb:QWEO5b;hjRo6e:F62sG;iFQyKf:QIhFr;imqimf:jKGL2e;io8t5d:yDVVkb;jGHevf:wsoZ3c;jWrxGe:FHj41b;jlykkc:Ixcocc;kCQyJ:ueyPK;kMFpHd:OTA3Ae;kbAm9d:MkHyGd;kbIuKc:rDv7Wc;kyjn6b:CfXVTe;lUFnVe:Sq92Y;lkq0A:IbjKve;lx12yf:OtBNv;mT6AUb:vsaskf;mWzs9c:sVEevc;nAFL3:s39S4;oGtAuc:sOXFj;oUlnpc:RagDlc;okUaUd:Kg1rBc;pNsl2d:j9Yuyc;pXdRYb:oR20R;pj82le:mg5CW;qaS3gd:yiLg6e;qavrXe:zQzcXe;qddgKe:xQtZb;qsajS:qGotLb;rQSrae:C6D5Fc;rebY5d:S5i2J;sP4Vbe:VwDzFe;sTsDMc:kHVSUb;slvZxc:FU6yf;tGdRVe:b5f3kc;tH4IIe:NoECLb;tosKvd:ZCqP3;trZL0b:qY8PFe;uY49fb:COQbmf;ul9GGd:VDovNc;uuQkY:u2V3ud;vAvu5d:O6oXm;vGrMZ:Y1W8Ad;vXy3B:yzQjhd;vfVwPd:lcrkwe;w3bZCb:ZPGaIb;w9w86d:aIe7ef;wQlYve:aLUfP;wR5FRb:O1Gjze;wV5Pjc:nQze3d;whEZac:F4AmNb;xBbsrc:NEW1Qc;xMUn6e:e0kzxe;xqZiqf:BBI74;yxTchf:KUM7Z;z97YGf:oug9te;zaIgPb:l09DXe;zxnPse:SP0dJe/m=ws9Tlc,n73qwf,IZT63,UUJqVe,O1Gjze,xUdipf,OTA3Ae,COQbmf,fKUV3e,aurFic,U0aPgd,ZwDk9d,V3dDOb,mI3LFb,xhIfAc,BXWsfc,szFNKc,m9oV,HU2IR,S1avQ,WO9ee,e5qFLc,Pkx8hb,ojJdEe,O6y8ed,PrPYRd,MpJwZc,NwH0H,OmgaI,lazG7b,wZ7M3b,Kg1rBc,nQze3d,fkGYQb,RDV3Nb,XVMNvd,KUM7Z,Mlhmy,L1AAkb,aIe7ef,s39S4,lwddkf,gychg,w9hDv,EEDORb,RMhBfe,Wq6lxf,SdcwHb,ObWLec,aW3pY,pw70Gc,EFQ78c,Ulmmrd,ZfAoz,mdR7q,Rr5NOe,sVEevc,SRsBqc,oR20R,xQtZb,Wf0Cmd,JNoxi,kWgXee,MI6k7c,kjKdXe,GihOkd,fM7wyf,BVgquf,QIhFr,ovKuLd,hKSk3e,yDVVkb,hc6Ubd,SpsfSb,KG2eXe,zbML3c,VwDzFe,zr1jrb,pkYo2c,FO2uyb,BUDJc,ClUoee,XVn6A,A7fCU,Uas9Hd,VZtRTc,pjICDe:1073:159
_.LD.prototype.Ra@https://www.gstatic.com/_/mss/boq-search/_/js/k=boq-search.VisualFrontendUi.en_US.Et_pfxN76qY.es5.O/ck=boq-search.VisualFrontendUi.nqnwy4EeSPc.L.F4.O/am=AAAAAAAAAAAAAEAAWwCY__8H-x8BexQAAKC-5P___wgBEgAAhAMAIHCgQAEkgLMAAGgAwMKBAAAAOBWPBxBMAIB0ARAAEQQBQEcNxaMrAAAEHniUAAJgBsADAgAAAAAAIAACABz4AAAAYQYCCAAAAAAoXPOAAQEAAAAAAAAAAABAJR2CIgYAAAAAAAAAAAAEgE0C/d=1/exm=LEikZe,_b,_r,_tp,byfTOb,lsjVmc/excm=_b,_r,_tp,unifiedviewerview/ed=1/wt=2/ujg=1/rs=AH7-fg5DWW1RFup2kbRELlowAj_JA-Lekg/ee=ADJUGe:nSzGM;AfeaP:TkrAjf;BMxAGc:E5bFse;BgS6mb:fidj5d;BjwMce:cXX2Wb;CRubWc:GGHMXc;CxXAWb:YyRLvc;DULqB:RKfG5c;DpcR3d:zL72xf;EABSZ:MXZt9d;EVNhjf:pw70Gc;EmZ2Bf:zr1jrb;Erl4fe:FloWmf;F9mqte:UoRcbe;Fmv9Nc:HYsvw;G0KhTb:LIaoZ;GleZL:J1A7Od;GzNeK:lwR3kb;IcRVsb:TzIJDb;IoGlCf:o8D6eb;JFdS6e:Whqy4b;JXS8fb:Qj0suc;JsbNhc:Xd8iUd;KQzWid:mB4wNe;LBgRLc:SdcwHb;LWyKNe:OGn9Jd;LsNahb:ucGLNb;Me32dd:MEeYgc;NPKaK:SdcwHb;NSEoX:lazG7b;Np8Qkd:Dpx6qc;Nyt6ic:jn2sGd;OGn9Jd:VoUpBc;Oj465e:KG2eXe;Pjplud:EEDORb;QGR0gd:Mlhmy;QHcAG:Doact;Qoo2ob:xNwrGf;R2kc8b:ALJqWb;R4IIIb:QWfeKf;R9Ulx:CR7Ufe;Rlgi2d:XM4pie;SFqMfe:d7N0Ze;SLtqO:Kh1xYe;SNUn3:ZwDk9d;SnFeMb:gIO09b;T9F76b:IGrxNe;TxfV6d:YORN0b;UDrY1c:eps46d;UVmjEd:EesRsb;UyG7Kb:wQd0G;V2HTTe:RolTY;VGRfx:VFqbr;VN6jIc:ddQyuf;VOcgDe:YquhTb;VxQ32b:k0XsBb;W1Xvfd:KwNFR;WDGyFe:jcVOxd;Wfmdue:g3MJlb;XcupOe:nPGmVc;YV5bee:IvPZ6d;ZlOOMb:ka50sc;a56pNe:JEfCwb;aAJE9c:WHW6Ef;aZ61od:arTwJ;aoM3kc:PYuXEf;bcPXSc:gSZLJb;cEt90b:ws9Tlc;cFTWae:gT8qnd;cZGwze:Uq2Ztb;csKcjd:SWn78c;dIoSBb:SpsfSb;dLlj2:Qqt3Gf;daB6be:lMxGPd;dtl0hd:lLQWFe;eBAeSb:sVEevc;eBZ5Nd:audvde;eGOC9b:UFUkKb;eHDfl:ofjVkb;fWLTFc:TVBJbf;fcYTHe:rDv7Wc;flqRgb:ox2Q7c;fufDm:kGNN9b;g8nkx:U4MzKc;gPGwWe:ds8otb;gaub4:TN6bMe;h3MYod:wV5Pjc;hK67qb:QWEO5b;hjRo6e:F62sG;iFQyKf:QIhFr;imqimf:jKGL2e;io8t5d:yDVVkb;jGHevf:wsoZ3c;jWrxGe:FHj41b;jlykkc:Ixcocc;kCQyJ:ueyPK;kMFpHd:OTA3Ae;kbAm9d:MkHyGd;kbIuKc:rDv7Wc;kyjn6b:CfXVTe;lUFnVe:Sq92Y;lkq0A:IbjKve;lx12yf:OtBNv;mT6AUb:vsaskf;mWzs9c:sVEevc;nAFL3:s39S4;oGtAuc:sOXFj;oUlnpc:RagDlc;okUaUd:Kg1rBc;pNsl2d:j9Yuyc;pXdRYb:oR20R;pj82le:mg5CW;qaS3gd:yiLg6e;qavrXe:zQzcXe;qddgKe:xQtZb;qsajS:qGotLb;rQSrae:C6D5Fc;rebY5d:S5i2J;sP4Vbe:VwDzFe;sTsDMc:kHVSUb;slvZxc:FU6yf;tGdRVe:b5f3kc;tH4IIe:NoECLb;tosKvd:ZCqP3;trZL0b:qY8PFe;uY49fb:COQbmf;ul9GGd:VDovNc;uuQkY:u2V3ud;vAvu5d:O6oXm;vGrMZ:Y1W8Ad;vXy3B:yzQjhd;vfVwPd:lcrkwe;w3bZCb:ZPGaIb;w9w86d:aIe7ef;wQlYve:aLUfP;wR5FRb:O1Gjze;wV5Pjc:nQze3d;whEZac:F4AmNb;xBbsrc:NEW1Qc;xMUn6e:e0kzxe;xqZiqf:BBI74;yxTchf:KUM7Z;z97YGf:oug9te;zaIgPb:l09DXe;zxnPse:SP0dJe/m=ws9Tlc,n73qwf,IZT63,UUJqVe,O1Gjze,xUdipf,OTA3Ae,COQbmf,fKUV3e,aurFic,U0aPgd,ZwDk9d,V3dDOb,mI3LFb,xhIfAc,BXWsfc,szFNKc,m9oV,HU2IR,S1avQ,WO9ee,e5qFLc,Pkx8hb,ojJdEe,O6y8ed,PrPYRd,MpJwZc,NwH0H,OmgaI,lazG7b,wZ7M3b,Kg1rBc,nQze3d,fkGYQb,RDV3Nb,XVMNvd,KUM7Z,Mlhmy,L1AAkb,aIe7ef,s39S4,lwddkf,gychg,w9hDv,EEDORb,RMhBfe,Wq6lxf,SdcwHb,ObWLec,aW3pY,pw70Gc,EFQ78c,Ulmmrd,ZfAoz,mdR7q,Rr5NOe,sVEevc,SRsBqc,oR20R,xQtZb,Wf0Cmd,JNoxi,kWgXee,MI6k7c,kjKdXe,GihOkd,fM7wyf,BVgquf,QIhFr,ovKuLd,hKSk3e,yDVVkb,hc6Ubd,SpsfSb,KG2eXe,zbML3c,VwDzFe,zr1jrb,pkYo2c,FO2uyb,BUDJc,ClUoee,XVn6A,A7fCU,Uas9Hd,VZtRTc,pjICDe:1074:267
cBa@https://www.gstatic.com/_/mss/boq-search/_/js/k=boq-search.VisualFrontendUi.en_US.Et_pfxN76qY.es5.O/am=AAAAAAAAAAAAAEAAWwCY__8H-x8BexQAAKC-5P___wgBEgAAhAMAIHCgQAEkgLMAAGgAwMKBAAAAOBWPBxBMAIB0ARAAEQQBQEcNxaMrAAAEHniUAAJgBsADAgAAAAAAIAACABz4AAAAYQYCCAAAAAAoXPOAAQEAAAAAAAAAAABAJR2CIgYAAAAAAAAAAAAEgE0C/d=1/excm=_b,_r,_tp,unifiedviewerview/ed=1/dg=0/wt=2/ujg=1/rs=AH7-fg4FmF6ywXOeiQsfb27oPGbsVrCNVg/m=_b,_tp,_r:437:289
bBa@https://www.gstatic.com/_/mss/boq-search/_/js/k=boq-search.VisualFrontendUi.en_US.Et_pfxN76qY.es5.O/am=AAAAAAAAAAAAAEAAWwCY__8H-x8BexQAAKC-5P___wgBEgAAhAMAIHCgQAEkgLMAAGgAwMKBAAAAOBWPBxBMAIB0ARAAEQQBQEcNxaMrAAAEHniUAAJgBsADAgAAAAAAIAACABz4AAAAYQYCCAAAAAAoXPOAAQEAAAAAAAAAAABAJR2CIgYAAAAAAAAAAAAEgE0C/d=1/excm=_b,_r,_tp,unifiedviewerview/ed=1/dg=0/wt=2/ujg=1/rs=AH7-fg4FmF6ywXOeiQsfb27oPGbsVrCNVg/m=_b,_tp,_r:437:333
c@https://www.gstatic.com/_/mss/boq-search/_/js/k=boq-search.VisualFrontendUi.en_US.Et_pfxN76qY.es5.O/am=AAAAAAAAAAAAAEAAWwCY__8H-x8BexQAAKC-5P___wgBEgAAhAMAIHCgQAEkgLMAAGgAwMKBAAAAOBWPBxBMAIB0ARAAEQQBQEcNxaMrAAAEHniUAAJgBsADAgAAAAAAIAACABz4AAAAYQYCCAAAAAAoXPOAAQEAAAAAAAAAAABAJR2CIgYAAAAAAAAAAAAEgE0C/d=1/excm=_b,_r,_tp,unifiedviewerview/ed=1/dg=0/wt=2/ujg=1/rs=AH7-fg4FmF6ywXOeiQsfb27oPGbsVrCNVg/m=_b,_tp,_r:446:256
b@https://www.gstatic.com/_/mss/boq-search/_/js/k=boq-search.VisualFrontendUi.en_US.Et_pfxN76qY.es5.O/am=AAAAAAAAAAAAAEAAWwCY__8H-x8BexQAAKC-5P___wgBEgAAhAMAIHCgQAEkgLMAAGgAwMKBAAAAOBWPBxBMAIB0ARAAEQQBQEcNxaMrAAAEHniUAAJgBsADAgAAAAAAIAACABz4AAAAYQYCCAAAAAAoXPOAAQEAAAAAAAAAAABAJR2CIgYAAAAAAAAAAAAEgE0C/d=1/excm=_b,_r,_tp,unifiedviewerview/ed=1/dg=0/wt=2/ujg=1/rs=AH7-fg4FmF6ywXOeiQsfb27oPGbsVrCNVg/m=_b,_tp,_r:435:49

[Parent 22016, IPC I/O Parent] WARNING: DuplicateHandle failed for handle 0 in TransferHandles: file /builds/worker/checkouts/gecko/ipc/chromium/src/chrome/common/ipc_channel_win.cc:621
[GPU 24680, IPC I/O Child] WARNING: pipe error: 232: file /builds/worker/checkouts/gecko/ipc/chromium/src/chrome/common/ipc_channel_win.cc:443
console.error: (new Error("Polling for changes failed: NetworkError: Network request failed.", "resource://services-settings/remote-settings.sys.mjs", 324))
console.error: Region.sys.mjs: "Error fetching region" (new Error("TIMEOUT", "resource://gre/modules/Region.sys.mjs", 759))
console.error: Region.sys.mjs: "Failed to fetch region" (new Error("TIMEOUT", "resource://gre/modules/Region.sys.mjs", 411))
1693302094783	addons.xpi	ERROR	System addon update list error Error: Failed downloading XML, status: 0, channelStatus: 2153390067, errorCode: 2, reason: error
JavaScript warning: https://script.hotjar.com/modules.c79ec32589a5851a9e6c.js, line 1: Script terminated by timeout at:
@https://script.hotjar.com/modules.c79ec32589a5851a9e6c.js:1:1593
d/</<@https://script.hotjar.com/modules.c79ec32589a5851a9e6c.js:2:37452
d/<@https://script.hotjar.com/modules.c79ec32589a5851a9e6c.js:2:37690

1693302115929	Marionette	INFO	Stopped listening on port 62647
Dynamically enable window occlusion 1
[Parent 22016, IPC I/O Parent] WARNING: DuplicateHandle failed for handle 0 in TransferHandles: file /builds/worker/checkouts/gecko/ipc/chromium/src/chrome/common/ipc_channel_win.cc:621
[GPU 24680, IPC I/O Child] WARNING: pipe error: 232: file /builds/worker/checkouts/gecko/ipc/chromium/src/chrome/common/ipc_channel_win.cc:443
[Parent 22016, IPC I/O Parent] WARNING: DuplicateHandle failed for handle 0 in TransferHandles: file /builds/worker/checkouts/gecko/ipc/chromium/src/chrome/common/ipc_channel_win.cc:621
[GPU 24680, IPC I/O Child] WARNING: pipe error: 232: file /builds/worker/checkouts/gecko/ipc/chromium/src/chrome/common/ipc_channel_win.cc:443
[Parent 22016, IPC I/O Parent] WARNING: DuplicateHandle failed for handle 0 in TransferHandles: file /builds/worker/checkouts/gecko/ipc/chromium/src/chrome/common/ipc_channel_win.cc:621
[GPU 24680, IPC I/O Child] WARNING: pipe error: 232: file /builds/worker/checkouts/gecko/ipc/chromium/src/chrome/common/ipc_channel_win.cc:443
