1693989124758	geckodriver	INFO	Listening on 127.0.0.1:53908
1693989127798	mozrunner::runner	INFO	Running command: "C:\\Program Files\\Mozilla Firefox\\firefox.exe" "--marionette" "--remote-debugging-port" "53909" "--remote-allow-hosts" "localhost" "-no-remote" "-profile" "C:\\Users\\hanglt26\\AppData\\Local\\Temp\\rust_mozprofileEdRyNO"
console.warn: services.settings: Ignoring preference override of remote settings server
console.warn: services.settings: Allow by setting MOZ_REMOTE_SETTINGS_DEVTOOLS=1 in the environment
[GFX1]: Potential driver version mismatch ignored due to missing DLLs igd10umd64 v= and igd10iumd64 v=
1693989128254	Marionette	INFO	Marionette enabled
Dynamically enable window occlusion 0
1693989128313	Marionette	INFO	Listening on port 53942
WebDriver BiDi listening on ws://127.0.0.1:53909
Read port: 53942
1693989128494	RemoteAgent	WARN	TLS certificate errors will be ignored for this session
[GFX1]: Potential driver version mismatch ignored due to missing DLLs igd10umd64 v= and igd10iumd64 v=
[GFX1-]: Failed to get D3D11VideoDevice: 0x80004002
[GFX1-]: Handling webrender error 5
DevTools listening on ws://127.0.0.1:53909/devtools/browser/ed46d81f-d5a9-41d0-8c68-466e14cbc3d4
[Parent 39440, IPC I/O Parent] WARNING: DuplicateHandle failed for handle 0 in TransferHandles: file /builds/worker/checkouts/gecko/ipc/chromium/src/chrome/common/ipc_channel_win.cc:621
[GPU 42312, IPC I/O Child] WARNING: pipe error: 232: file /builds/worker/checkouts/gecko/ipc/chromium/src/chrome/common/ipc_channel_win.cc:443
JavaScript warning: https://pagead2.googlesyndication.com/bg/zbsophEl4vgXz8qX3EWcY8Q67iIQ7bFnjGnqUyxIR6M.js line 2 > eval line 7173 > eval line 1 > eval line 1 > eval, line 1: WEBGL_debug_renderer_info is deprecated in Firefox and will be removed. Please use RENDERER.
JavaScript warning: https://pagead2.googlesyndication.com/bg/zbsophEl4vgXz8qX3EWcY8Q67iIQ7bFnjGnqUyxIR6M.js line 2 > eval line 7086 > eval line 1 > eval line 1 > eval, line 1: WEBGL_debug_renderer_info is deprecated in Firefox and will be removed. Please use RENDERER.
console.warn: LoginRecipes: "Falling back to a synchronous message for: https://demo.guru99.com."
JavaScript error: https://demo.guru99.com/telecom/addcustomer.php, line 76: ReferenceError: v6 is not defined
JavaScript warning: https://gum.criteo.com/syncframe?origin=publishertagids&topUrl=demo.guru99.com#{%22uid%22:{%22origin%22:0},%22lwid%22:{%22origin%22:0},%22bundle%22:{%22origin%22:0},%22optout%22:{%22value%22:false,%22origin%22:0},%22sid%22:{%22origin%22:0},%22tld%22:%22guru99.com%22,%22topUrl%22:%22demo.guru99.com%22,%22version%22:141,%22cw%22:true,%22lsw%22:true,%22origin%22:%22publishertagids%22,%22requestId%22:%220.11766471123861%22}, line 14: Script terminated by timeout at:
r.prototype.logPixel@https://gum.criteo.com/syncframe?origin=publishertagids&topUrl=demo.guru99.com#{%22uid%22:{%22origin%22:0},%22lwid%22:{%22origin%22:0},%22bundle%22:{%22origin%22:0},%22optout%22:{%22value%22:false,%22origin%22:0},%22sid%22:{%22origin%22:0},%22tld%22:%22guru99.com%22,%22topUrl%22:%22demo.guru99.com%22,%22version%22:141,%22cw%22:true,%22lsw%22:true,%22origin%22:%22publishertagids%22,%22requestId%22:%220.11766471123861%22}:14:3418
r.prototype.flushEventQueue@https://gum.criteo.com/syncframe?origin=publishertagids&topUrl=demo.guru99.com#{%22uid%22:{%22origin%22:0},%22lwid%22:{%22origin%22:0},%22bundle%22:{%22origin%22:0},%22optout%22:{%22value%22:false,%22origin%22:0},%22sid%22:{%22origin%22:0},%22tld%22:%22guru99.com%22,%22topUrl%22:%22demo.guru99.com%22,%22version%22:141,%22cw%22:true,%22lsw%22:true,%22origin%22:%22publishertagids%22,%22requestId%22:%220.11766471123861%22}:14:3152
r/<@https://gum.criteo.com/syncframe?origin=publishertagids&topUrl=demo.guru99.com#{%22uid%22:{%22origin%22:0},%22lwid%22:{%22origin%22:0},%22bundle%22:{%22origin%22:0},%22optout%22:{%22value%22:false,%22origin%22:0},%22sid%22:{%22origin%22:0},%22tld%22:%22guru99.com%22,%22topUrl%22:%22demo.guru99.com%22,%22version%22:141,%22cw%22:true,%22lsw%22:true,%22origin%22:%22publishertagids%22,%22requestId%22:%220.11766471123861%22}:14:3642

[Parent 39440, IPC I/O Parent] WARNING: DuplicateHandle failed for handle 0 in TransferHandles: file /builds/worker/checkouts/gecko/ipc/chromium/src/chrome/common/ipc_channel_win.cc:621
[GPU 42312, IPC I/O Child] WARNING: pipe error: 232: file /builds/worker/checkouts/gecko/ipc/chromium/src/chrome/common/ipc_channel_win.cc:443
[Parent 39440, IPC I/O Parent] WARNING: DuplicateHandle failed for handle 0 in TransferHandles: file /builds/worker/checkouts/gecko/ipc/chromium/src/chrome/common/ipc_channel_win.cc:621
[GPU 42312, IPC I/O Child] WARNING: pipe error: 232: file /builds/worker/checkouts/gecko/ipc/chromium/src/chrome/common/ipc_channel_win.cc:443
[Parent 39440, IPC I/O Parent] WARNING: DuplicateHandle failed for handle 0 in TransferHandles: file /builds/worker/checkouts/gecko/ipc/chromium/src/chrome/common/ipc_channel_win.cc:621
[GPU 42312, IPC I/O Child] WARNING: pipe error: 232: file /builds/worker/checkouts/gecko/ipc/chromium/src/chrome/common/ipc_channel_win.cc:443
[Parent 39440, IPC I/O Parent] WARNING: DuplicateHandle failed for handle 0 in TransferHandles: file /builds/worker/checkouts/gecko/ipc/chromium/src/chrome/common/ipc_channel_win.cc:621
[GPU 42312, IPC I/O Child] WARNING: pipe error: 232: file /builds/worker/checkouts/gecko/ipc/chromium/src/chrome/common/ipc_channel_win.cc:443
[Parent 39440, IPC I/O Parent] WARNING: DuplicateHandle failed for handle 0 in TransferHandles: file /builds/worker/checkouts/gecko/ipc/chromium/src/chrome/common/ipc_channel_win.cc:621
[GPU 42312, IPC I/O Child] WARNING: pipe error: 232: file /builds/worker/checkouts/gecko/ipc/chromium/src/chrome/common/ipc_channel_win.cc:443
JavaScript warning: https://pagead2.googlesyndication.com/bg/zbsophEl4vgXz8qX3EWcY8Q67iIQ7bFnjGnqUyxIR6M.js line 2 > eval line 1870 > eval line 1 > eval line 1 > eval, line 1: WEBGL_debug_renderer_info is deprecated in Firefox and will be removed. Please use RENDERER.
JavaScript warning: https://pagead2.googlesyndication.com/bg/zbsophEl4vgXz8qX3EWcY8Q67iIQ7bFnjGnqUyxIR6M.js line 2 > eval line 4751 > eval line 1 > eval line 1 > eval, line 1: WEBGL_debug_renderer_info is deprecated in Firefox and will be removed. Please use RENDERER.
JavaScript warning: https://securepubads.g.doubleclick.net/pagead/managed/js/gpt/m202308310101/pubads_impl_page_level_ads.js, line 1: Script terminated by timeout at:
YO@https://securepubads.g.doubleclick.net/pagead/managed/js/gpt/m202308310101/pubads_impl_page_level_ads.js:1:17683
aP/<@https://securepubads.g.doubleclick.net/pagead/managed/js/gpt/m202308310101/pubads_impl_page_level_ads.js:1:18179
vg/<@https://securepubads.g.doubleclick.net/pagead/managed/js/gpt/m202308310101/pubads_impl.js:10:29844

1693989193700	Marionette	INFO	Stopped listening on port 53942
Dynamically enable window occlusion 1
[Parent 39440, IPC I/O Parent] WARNING: DuplicateHandle failed for handle 0 in TransferHandles: file /builds/worker/checkouts/gecko/ipc/chromium/src/chrome/common/ipc_channel_win.cc:621
[GPU 42312, IPC I/O Child] WARNING: pipe error: 232: file /builds/worker/checkouts/gecko/ipc/chromium/src/chrome/common/ipc_channel_win.cc:443
JavaScript error: , line 0: TypeError: NetworkError when attempting to fetch resource.
[Parent 39440, IPC I/O Parent] WARNING: DuplicateHandle failed for handle 0 in TransferHandles: file /builds/worker/checkouts/gecko/ipc/chromium/src/chrome/common/ipc_channel_win.cc:621
[GPU 42312, IPC I/O Child] WARNING: pipe error: 232: file /builds/worker/checkouts/gecko/ipc/chromium/src/chrome/common/ipc_channel_win.cc:443
[Parent 39440, IPC I/O Parent] WARNING: DuplicateHandle failed for handle 0 in TransferHandles: file /builds/worker/checkouts/gecko/ipc/chromium/src/chrome/common/ipc_channel_win.cc:621
[GPU 42312, IPC I/O Child] WARNING: pipe error: 232: file /builds/worker/checkouts/gecko/ipc/chromium/src/chrome/common/ipc_channel_win.cc:443
[Parent 39440, IPC I/O Parent] WARNING: DuplicateHandle failed for handle 0 in TransferHandles: file /builds/worker/checkouts/gecko/ipc/chromium/src/chrome/common/ipc_channel_win.cc:621
[GPU 42312, IPC I/O Child] WARNING: pipe error: 232: file /builds/worker/checkouts/gecko/ipc/chromium/src/chrome/common/ipc_channel_win.cc:443
[Parent 39440, IPC I/O Parent] WARNING: DuplicateHandle failed for handle 0 in TransferHandles: file /builds/worker/checkouts/gecko/ipc/chromium/src/chrome/common/ipc_channel_win.cc:621
[GPU 42312, IPC I/O Child] WARNING: pipe error: 232: file /builds/worker/checkouts/gecko/ipc/chromium/src/chrome/common/ipc_channel_win.cc:443
[Parent 39440, IPC I/O Parent] WARNING: DuplicateHandle failed for handle 0 in TransferHandles: file /builds/worker/checkouts/gecko/ipc/chromium/src/chrome/common/ipc_channel_win.cc:621
[GPU 42312, IPC I/O Child] WARNING: pipe error: 232: file /builds/worker/checkouts/gecko/ipc/chromium/src/chrome/common/ipc_channel_win.cc:443
[Parent 39440, IPC I/O Parent] WARNING: DuplicateHandle failed for handle 0 in TransferHandles: file /builds/worker/checkouts/gecko/ipc/chromium/src/chrome/common/ipc_channel_win.cc:621
[GPU 42312, IPC I/O Child] WARNING: pipe error: 232: file /builds/worker/checkouts/gecko/ipc/chromium/src/chrome/common/ipc_channel_win.cc:443
